#
# There is insufficient memory for the Java Runtime Environment to continue.
# Native memory allocation (mmap) failed to map 123731968 bytes. Error detail: G1 virtual space
# Possible reasons:
#   The system is out of physical RAM or swap space
#   This process is running with CompressedOops enabled, and the Java Heap may be blocking the growth of the native heap
# Possible solutions:
#   Reduce memory load on the system
#   Increase physical memory or swap space
#   Check if swap backing store is full
#   Decrease Java heap size (-Xmx/-Xms)
#   Decrease number of Java threads
#   Decrease Java thread stack sizes (-Xss)
#   Set larger code cache with -XX:ReservedCodeCacheSize=
#   JVM is running with Unscaled Compressed Oops mode in which the Java heap is
#     placed in the first 4GB address space. The Java Heap base address is the
#     maximum limit for the native heap growth. Please use -XX:HeapBaseMinAddress
#     to set the Java Heap base and to place the Java Heap above 4GB virtual address.
# This output file may be truncated or incomplete.
#
#  Out of Memory Error (os_windows.cpp:3898), pid=18952, tid=2656
#
# JRE version:  (21.0.6) (build )
# Java VM: OpenJDK 64-Bit Server VM (21.0.6+-13368085-b895.109, mixed mode, sharing, tiered, compressed oops, compressed class ptrs, g1 gc, windows-amd64)
# No core dump will be written. Minidumps are not enabled by default on client versions of Windows
#

---------------  S U M M A R Y ------------

Command Line: git4idea.http.GitAskPassApp Username for 'https://github.com': 

Host: AMD Ryzen 5 5600H with Radeon Graphics         , 12 cores, 7G,  Windows 11 , 64 bit Build 22621 (10.0.22621.5262)
Time: Tue Jun 24 19:33:27 2025 India Standard Time elapsed time: 0.021088 seconds (0d 0h 0m 0s)

---------------  T H R E A D  ---------------

Current thread (0x0000019bccf947a0):  JavaThread "Unknown thread" [_thread_in_vm, id=2656, stack(0x0000005c04300000,0x0000005c04400000) (1024K)]

Stack: [0x0000005c04300000,0x0000005c04400000]
Native frames: (J=compiled Java code, j=interpreted, Vv=VM code, C=native code)
V  [jvm.dll+0x6d0639]
V  [jvm.dll+0x85eb03]
V  [jvm.dll+0x86105e]
V  [jvm.dll+0x861743]
V  [jvm.dll+0x27e6e6]
V  [jvm.dll+0x6ccfd5]
V  [jvm.dll+0x6c0a8a]
V  [jvm.dll+0x35537b]
V  [jvm.dll+0x35cfd6]
V  [jvm.dll+0x3aef86]
V  [jvm.dll+0x3af258]
V  [jvm.dll+0x327a2c]
V  [jvm.dll+0x32871b]
V  [jvm.dll+0x826549]
V  [jvm.dll+0x3bc158]
V  [jvm.dll+0x80f7f8]
V  [jvm.dll+0x45035e]
V  [jvm.dll+0x451ac1]
C  [jli.dll+0x52ab]
C  [ucrtbase.dll+0x29333]
C  [KERNEL32.DLL+0x1259d]
C  [ntdll.dll+0x5af58]


---------------  P R O C E S S  ---------------

Threads class SMR info:
_java_thread_list=0x00007ffa37a21848, length=0, elements={
}

Java Threads: ( => current thread )
Total: 0

Other Threads:
  0x0000019bcf37ccf0 WorkerThread "GC Thread#0"                     [id=13372, stack(0x0000005c04400000,0x0000005c04500000) (1024K)]
  0x0000019bcf38d730 ConcurrentGCThread "G1 Main Marker"            [id=11532, stack(0x0000005c04500000,0x0000005c04600000) (1024K)]
  0x0000019bcf38f6c0 WorkerThread "G1 Conc#0"                       [id=20300, stack(0x0000005c04600000,0x0000005c04700000) (1024K)]

[error occurred during error reporting (printing all threads), id 0xc0000005, EXCEPTION_ACCESS_VIOLATION (0xc0000005) at pc=0x00007ffa3721aa87]
VM state: not at safepoint (not fully initialized)

VM Mutex/Monitor currently owned by a thread:  ([mutex/lock_event])
[0x00007ffa37a8e4a0] Heap_lock - owner thread: 0x0000019bccf947a0

Heap address: 0x000000008a600000, size: 1882 MB, Compressed Oops mode: 32-bit

CDS archive(s) mapped at: [0x0000000000000000-0x0000000000000000-0x0000000000000000), size 0, SharedBaseAddress: 0x0000000800000000, ArchiveRelocationMode: 1.
Narrow klass base: 0x0000000000000000, Narrow klass shift: 0, Narrow klass range: 0x0

GC Precious Log:
 CardTable entry size: 512
 Card Set container configuration: InlinePtr #cards 5 size 8 Array Of Cards #cards 12 size 40 Howl #buckets 4 coarsen threshold 1843 Howl Bitmap #cards 512 size 80 coarsen threshold 460 Card regions per heap region 1 cards per card region 2048

Heap:
 garbage-first heap   total 0K, used 0K [0x000000008a600000, 0x0000000100000000)
  region size 1024K, 0 young (0K), 0 survivors (0K)
 Metaspace       used 0K, committed 0K, reserved 0K
  class space    used 0K, committed 0K, reserved 0K

Heap Regions: E=young(eden), S=young(survivor), O=old, HS=humongous(starts), HC=humongous(continues), CS=collection set, F=free, TAMS=top-at-mark-start, PB=parsable bottom

Card table byte_map: [0x0000019be1d80000,0x0000019be2130000] _byte_map_base: 0x0000019be192d000

Marking Bits: (CMBitMap*) 0x0000019bcf37d300
 Bits: [0x0000019be2130000, 0x0000019be3e98000)

GC Heap History (0 events):
No events

Dll operation events (1 events):
Event: 0.010 Loaded shared library D:\setup\Android studio\jbr\bin\java.dll

Deoptimization events (0 events):
No events

Classes loaded (0 events):
No events

Classes unloaded (0 events):
No events

Classes redefined (0 events):
No events

Internal exceptions (0 events):
No events

ZGC Phase Switch (0 events):
No events

VM Operations (0 events):
No events

Memory protections (0 events):
No events

Nmethod flushes (0 events):
No events

Events (0 events):
No events


Dynamic libraries:
0x00007ff6fc8f0000 - 0x00007ff6fc8fa000 	D:\setup\Android studio\jbr\bin\java.exe
0x00007ffa7a8d0000 - 0x00007ffa7aae7000 	C:\WINDOWS\SYSTEM32\ntdll.dll
0x00007ffa79820000 - 0x00007ffa798e4000 	C:\WINDOWS\System32\KERNEL32.DLL
0x00007ffa77a00000 - 0x00007ffa77dd3000 	C:\WINDOWS\System32\KERNELBASE.dll
0x00007ffa77de0000 - 0x00007ffa77ef1000 	C:\WINDOWS\System32\ucrtbase.dll
0x00007ffa71af0000 - 0x00007ffa71b08000 	D:\setup\Android studio\jbr\bin\jli.dll
0x00007ffa71e30000 - 0x00007ffa71e4b000 	D:\setup\Android studio\jbr\bin\VCRUNTIME140.dll
0x00007ffa7a660000 - 0x00007ffa7a811000 	C:\WINDOWS\System32\USER32.dll
0x00007ffa77f00000 - 0x00007ffa77f26000 	C:\WINDOWS\System32\win32u.dll
0x00007ffa5ffe0000 - 0x00007ffa6027b000 	C:\WINDOWS\WinSxS\amd64_microsoft.windows.common-controls_6595b64144ccf1df_6.0.22621.5262_none_2712bde373830908\COMCTL32.dll
0x00007ffa78f80000 - 0x00007ffa78fa9000 	C:\WINDOWS\System32\GDI32.dll
0x00007ffa78200000 - 0x00007ffa78322000 	C:\WINDOWS\System32\gdi32full.dll
0x00007ffa7a3e0000 - 0x00007ffa7a487000 	C:\WINDOWS\System32\msvcrt.dll
0x00007ffa78160000 - 0x00007ffa781fa000 	C:\WINDOWS\System32\msvcp_win.dll
0x00007ffa79780000 - 0x00007ffa797b1000 	C:\WINDOWS\System32\IMM32.DLL
0x00007ffa71e20000 - 0x00007ffa71e2c000 	D:\setup\Android studio\jbr\bin\vcruntime140_1.dll
0x00007ffa5c010000 - 0x00007ffa5c09d000 	D:\setup\Android studio\jbr\bin\msvcp140.dll
0x00007ffa36ee0000 - 0x00007ffa37b6b000 	D:\setup\Android studio\jbr\bin\server\jvm.dll
0x00007ffa78660000 - 0x00007ffa78711000 	C:\WINDOWS\System32\ADVAPI32.dll
0x00007ffa78d30000 - 0x00007ffa78dd7000 	C:\WINDOWS\System32\sechost.dll
0x00007ffa779d0000 - 0x00007ffa779f8000 	C:\WINDOWS\System32\bcrypt.dll
0x00007ffa795b0000 - 0x00007ffa796c4000 	C:\WINDOWS\System32\RPCRT4.dll
0x00007ffa785e0000 - 0x00007ffa78651000 	C:\WINDOWS\System32\WS2_32.dll
0x00007ffa72730000 - 0x00007ffa72764000 	C:\WINDOWS\SYSTEM32\WINMM.dll
0x00007ffa778a0000 - 0x00007ffa778ed000 	C:\WINDOWS\SYSTEM32\POWRPROF.dll
0x00007ffa71d00000 - 0x00007ffa71d0a000 	C:\WINDOWS\SYSTEM32\VERSION.dll
0x00007ffa77880000 - 0x00007ffa77893000 	C:\WINDOWS\SYSTEM32\UMPDC.dll
0x00007ffa769d0000 - 0x00007ffa769e8000 	C:\WINDOWS\SYSTEM32\kernel.appcore.dll
0x00007ffa71e10000 - 0x00007ffa71e1a000 	D:\setup\Android studio\jbr\bin\jimage.dll
0x00007ffa6eb80000 - 0x00007ffa6edb2000 	C:\WINDOWS\SYSTEM32\DBGHELP.DLL
0x00007ffa78990000 - 0x00007ffa78d23000 	C:\WINDOWS\System32\combase.dll
0x00007ffa78fc0000 - 0x00007ffa79097000 	C:\WINDOWS\System32\OLEAUT32.dll
0x00007ffa58090000 - 0x00007ffa580c2000 	C:\WINDOWS\SYSTEM32\dbgcore.DLL
0x00007ffa784f0000 - 0x00007ffa7856b000 	C:\WINDOWS\System32\bcryptPrimitives.dll
0x00007ffa71df0000 - 0x00007ffa71e10000 	D:\setup\Android studio\jbr\bin\java.dll

dbghelp: loaded successfully - version: 4.0.5 - missing functions: none
symbol engine: initialized successfully - sym options: 0x614 - pdb path: .;D:\setup\Android studio\jbr\bin;C:\WINDOWS\SYSTEM32;C:\WINDOWS\WinSxS\amd64_microsoft.windows.common-controls_6595b64144ccf1df_6.0.22621.5262_none_2712bde373830908;D:\setup\Android studio\jbr\bin\server

VM Arguments:
java_command: git4idea.http.GitAskPassApp Username for 'https://github.com': 
java_class_path (initial): D:/setup/Android studio/plugins/vcs-git/lib/git4idea-rt.jar;D:/setup/Android studio/lib/externalProcess-rt.jar
Launcher Type: SUN_STANDARD

[Global flags]
     intx CICompilerCount                          = 4                                         {product} {ergonomic}
     uint ConcGCThreads                            = 3                                         {product} {ergonomic}
     uint G1ConcRefinementThreads                  = 10                                        {product} {ergonomic}
   size_t G1HeapRegionSize                         = 1048576                                   {product} {ergonomic}
    uintx GCDrainStackTargetSize                   = 64                                        {product} {ergonomic}
   size_t InitialHeapSize                          = 123731968                                 {product} {ergonomic}
   size_t MarkStackSize                            = 4194304                                   {product} {ergonomic}
   size_t MaxHeapSize                              = 1973420032                                {product} {ergonomic}
   size_t MinHeapDeltaBytes                        = 1048576                                   {product} {ergonomic}
   size_t MinHeapSize                              = 8388608                                   {product} {ergonomic}
    uintx NonNMethodCodeHeapSize                   = 5839372                                {pd product} {ergonomic}
    uintx NonProfiledCodeHeapSize                  = 122909434                              {pd product} {ergonomic}
    uintx ProfiledCodeHeapSize                     = 122909434                              {pd product} {ergonomic}
    uintx ReservedCodeCacheSize                    = 251658240                              {pd product} {ergonomic}
     bool SegmentedCodeCache                       = true                                      {product} {ergonomic}
   size_t SoftMaxHeapSize                          = 1973420032                             {manageable} {ergonomic}
     bool UseCompressedOops                        = true                           {product lp64_product} {ergonomic}
     bool UseG1GC                                  = true                                      {product} {ergonomic}
     bool UseLargePagesIndividualAllocation        = false                                  {pd product} {ergonomic}

Logging:
Log output configuration:
 #0: stdout all=warning uptime,level,tags foldmultilines=false
 #1: stderr all=off uptime,level,tags foldmultilines=false

Environment Variables:
JAVA_HOME=C:\Program Files\Java\jdk-22
PATH=C:\Program Files\Git\mingw64\libexec\git-core;C:\Program Files\Git\mingw64\libexec\git-core;C:\Program Files\Git\mingw64\bin;C:\Program Files\Git\usr\bin;C:\Users\yashr\bin;C:\Program Files\Common Files\Oracle\Java\javapath;C:\windows\system32;C:\windows;C:\windows\System32\Wbem;C:\windows\System32\WindowsPowerShell\v1.0;C:\windows\System32\OpenSSH;C:\Program Files (x86)\NVIDIA Corporation\PhysX\Common;C:\Program Files\NVIDIA Corporation\NVIDIA NvDLISR;C:\WINDOWS\system32;C:\WINDOWS;C:\WINDOWS\System32\Wbem;C:\WINDOWS\System32\WindowsPowerShell\v1.0;C:\WINDOWS\System32\OpenSSH;C:\ProgramData\chocolatey\bin;C:\Users\yashr\Downloads\mongodb-windows-x86_64-7.0.5\mongodb-win32-x86_64-windows-7.0.5\bin;C:\Program Files\dotnet;C:\Program Files (x86)\dotnet;C:\Program Files\HP\HP One Agent;C:\Users\yashr\SQLite;C:\Program Files\Java\jdk-22;D:\Flutter\src\flutter\bin;C:\Program Files\Git\cmd;D:\setups\cursor\resources\app\bin;C:\Users\yashr\anaconda3;C:\Users\yashr\anaconda3\Library\mingw-w64\bin;C:\Users\yashr\anaconda3\Library\usr\bin;C:\Users\yashr\anaconda3\Library\bin;C:\Users\yashr\anaconda3\Scripts;C:\Users\yashr\AppData\Local\Microsoft\WindowsApps;C:\Users\yashr\AppData\Local\Programs\Microsoft VS Code\bin;C:\Program Files\JetBrains\PyCharm Community Edition 2023.1.2\bin;C:\Users\yashr\IntelliJ IDEA Community Edition 2023.1.4\bin;C:\Users\yashr\.dotnet\tools;D:\setups\Windsurf\bin
USERNAME=yashr
DISPLAY=:0.0
LC_ALL=en_US.UTF-8
TERM=xterm-256color
TMPDIR=C:\Users\yashr\AppData\Local\Temp
OS=Windows_NT
PROCESSOR_IDENTIFIER=AMD64 Family 25 Model 80 Stepping 0, AuthenticAMD
TMP=C:\Users\yashr\AppData\Local\Temp
TEMP=C:\Users\yashr\AppData\Local\Temp




Periodic native trim disabled

JNI global refs:
JNI global refs: 0, weak refs: 0

JNI global refs memory usage: 0, weak refs: 0

Process memory usage:
Resident Set Size: 11732K (0% of 7702360K total physical memory with 238232K free physical memory)

OOME stack traces (most recent first):
Classloader memory used:

---------------  S Y S T E M  ---------------

OS:
 Windows 11 , 64 bit Build 22621 (10.0.22621.5262)
OS uptime: 1 days 1:03 hours
Hyper-V role detected

CPU: total 12 (initial active 12) (12 cores per cpu, 2 threads per core) family 25 model 80 stepping 0 microcode 0x0, cx8, cmov, fxsr, ht, mmx, 3dnowpref, sse, sse2, sse3, ssse3, sse4a, sse4.1, sse4.2, popcnt, lzcnt, tsc, tscinvbit, avx, avx2, aes, erms, clmul, bmi1, bmi2, adx, sha, fma, vzeroupper, clflush, clflushopt, hv, rdtscp, rdpid, fsrm, f16c, cet_ss
Processor Information for processor 0
  Max Mhz: 3301, Current Mhz: 1805, Mhz Limit: 3301
Processor Information for processor 1
  Max Mhz: 3301, Current Mhz: 1805, Mhz Limit: 3301
Processor Information for processor 2
  Max Mhz: 3301, Current Mhz: 1805, Mhz Limit: 3301
Processor Information for processor 3
  Max Mhz: 3301, Current Mhz: 1805, Mhz Limit: 3301
Processor Information for processor 4
  Max Mhz: 3301, Current Mhz: 1805, Mhz Limit: 3301
Processor Information for processor 5
  Max Mhz: 3301, Current Mhz: 1805, Mhz Limit: 3301
Processor Information for processor 6
  Max Mhz: 3301, Current Mhz: 1805, Mhz Limit: 3301
Processor Information for processor 7
  Max Mhz: 3301, Current Mhz: 1805, Mhz Limit: 3301
Processor Information for processor 8
  Max Mhz: 3301, Current Mhz: 3301, Mhz Limit: 3301
Processor Information for processor 9
  Max Mhz: 3301, Current Mhz: 1805, Mhz Limit: 3301
Processor Information for processor 10
  Max Mhz: 3301, Current Mhz: 1805, Mhz Limit: 3301
Processor Information for processor 11
  Max Mhz: 3301, Current Mhz: 1805, Mhz Limit: 3301

Memory: 4k page, system-wide physical 7521M (232M free)
TotalPageFile size 20334M (AvailPageFile size 44M)
current process WorkingSet (physical memory assigned to process): 11M, peak: 11M
current process commit charge ("private bytes"): 64M, peak: 182M

vm_info: OpenJDK 64-Bit Server VM (21.0.6+-13368085-b895.109) for windows-amd64 JRE (21.0.6+-13368085-b895.109), built on 2025-04-16T17:01:31Z by "builder" with MS VC++ 16.10 / 16.11 (VS2019)

END.
