#
# There is insufficient memory for the Java Runtime Environment to continue.
# Native memory allocation (malloc) failed to allocate 124416 bytes. Error detail: Chunk::new
# Possible reasons:
#   The system is out of physical RAM or swap space
#   This process is running with CompressedOops enabled, and the Java Heap may be blocking the growth of the native heap
# Possible solutions:
#   Reduce memory load on the system
#   Increase physical memory or swap space
#   Check if swap backing store is full
#   Decrease Java heap size (-Xmx/-Xms)
#   Decrease number of Java threads
#   Decrease Java thread stack sizes (-Xss)
#   Set larger code cache with -XX:ReservedCodeCacheSize=
#   JVM is running with Unscaled Compressed Oops mode in which the Java heap is
#     placed in the first 4GB address space. The Java Heap base address is the
#     maximum limit for the native heap growth. Please use -XX:HeapBaseMinAddress
#     to set the Java Heap base and to place the Java Heap above 4GB virtual address.
# This output file may be truncated or incomplete.
#
#  Out of Memory Error (arena.cpp:150), pid=5452, tid=19380
#
# JRE version: Java(TM) SE Runtime Environment (22.0.1+8) (build 22.0.1+8-16)
# Java VM: Java HotSpot(TM) 64-Bit Server VM (22.0.1+8-16, mixed mode, sharing, tiered, compressed oops, compressed class ptrs, g1 gc, windows-amd64)
# No core dump will be written. Minidumps are not enabled by default on client versions of Windows
#

---------------  S U M M A R Y ------------

Command Line: -Xmx64m -Xms64m -Dorg.gradle.appname=gradlew org.gradle.wrapper.GradleWrapperMain clean build

Host: AMD Ryzen 5 5600H with Radeon Graphics         , 12 cores, 7G,  Windows 11 , 64 bit Build 22621 (10.0.22621.5262)
Time: Wed Jun 18 14:02:08 2025 India Standard Time elapsed time: 47.814176 seconds (0d 0h 0m 47s)

---------------  T H R E A D  ---------------

Current thread (0x000001cc349cec00):  JavaThread "C2 CompilerThread1" daemon [_thread_in_native, id=19380, stack(0x0000005597e00000,0x0000005597f00000) (1024K)]


Current CompileTask:
C2:47814 2253       4       org.gradle.internal.logging.text.AbstractLineChoppingStyledTextOutput$1::execute (9 bytes)

Stack: [0x0000005597e00000,0x0000005597f00000]
Native frames: (J=compiled Java code, j=interpreted, Vv=VM code, C=native code)
V  [jvm.dll+0x6e2279]  (no source info available)
V  [jvm.dll+0x874e33]  (no source info available)
V  [jvm.dll+0x87725e]  (no source info available)
V  [jvm.dll+0x877933]  (no source info available)
V  [jvm.dll+0x27fd76]  (no source info available)
V  [jvm.dll+0xc3d0f]  (no source info available)
V  [jvm.dll+0xc3f6b]  (no source info available)
V  [jvm.dll+0x2f3c2f]  (no source info available)
V  [jvm.dll+0x60bc9a]  (no source info available)
V  [jvm.dll+0x250db2]  (no source info available)
V  [jvm.dll+0x2493c6]  (no source info available)
V  [jvm.dll+0x246ec6]  (no source info available)
V  [jvm.dll+0x1c4e90]  (no source info available)
V  [jvm.dll+0x2569fe]  (no source info available)
V  [jvm.dll+0x254cba]  (no source info available)
V  [jvm.dll+0x3f5336]  (no source info available)
V  [jvm.dll+0x81d44b]  (no source info available)
V  [jvm.dll+0x6e0915]  (no source info available)
C  [ucrtbase.dll+0x29333]  (no source info available)
C  [KERNEL32.DLL+0x1259d]  (no source info available)
C  [ntdll.dll+0x5af58]  (no source info available)


---------------  P R O C E S S  ---------------

Threads class SMR info:
_java_thread_list=0x000001cc9513f130, length=12, elements={
0x000001cc349c54e0, 0x000001cc4ef30c60, 0x000001cc4ef31980, 0x000001cc4ef34bb0,
0x000001cc4ef35970, 0x000001cc4ef363d0, 0x000001cc4ef38e40, 0x000001cc4ef45660,
0x000001cc4ef68140, 0x000001cc94228800, 0x000001cc9422fc80, 0x000001cc349cec00
}

Java Threads: ( => current thread )
  0x000001cc349c54e0 JavaThread "main"                              [_thread_blocked, id=10376, stack(0x0000005596100000,0x0000005596200000) (1024K)]
  0x000001cc4ef30c60 JavaThread "Reference Handler"          daemon [_thread_blocked, id=12580, stack(0x0000005596900000,0x0000005596a00000) (1024K)]
  0x000001cc4ef31980 JavaThread "Finalizer"                  daemon [_thread_blocked, id=18388, stack(0x0000005596a00000,0x0000005596b00000) (1024K)]
  0x000001cc4ef34bb0 JavaThread "Signal Dispatcher"          daemon [_thread_blocked, id=19788, stack(0x0000005596b00000,0x0000005596c00000) (1024K)]
  0x000001cc4ef35970 JavaThread "Attach Listener"            daemon [_thread_blocked, id=11604, stack(0x0000005596c00000,0x0000005596d00000) (1024K)]
  0x000001cc4ef363d0 JavaThread "Service Thread"             daemon [_thread_blocked, id=2596, stack(0x0000005596d00000,0x0000005596e00000) (1024K)]
  0x000001cc4ef38e40 JavaThread "Monitor Deflation Thread"   daemon [_thread_blocked, id=20816, stack(0x0000005596e00000,0x0000005596f00000) (1024K)]
  0x000001cc4ef45660 JavaThread "C2 CompilerThread0"         daemon [_thread_blocked, id=6860, stack(0x0000005596f00000,0x0000005597000000) (1024K)]
  0x000001cc4ef68140 JavaThread "C1 CompilerThread0"         daemon [_thread_blocked, id=5860, stack(0x0000005597000000,0x0000005597100000) (1024K)]
  0x000001cc94228800 JavaThread "Notification Thread"        daemon [_thread_blocked, id=16780, stack(0x0000005597100000,0x0000005597200000) (1024K)]
  0x000001cc9422fc80 JavaThread "Common-Cleaner"             daemon [_thread_blocked, id=8492, stack(0x0000005597200000,0x0000005597300000) (1024K)]
=>0x000001cc349cec00 JavaThread "C2 CompilerThread1"         daemon [_thread_in_native, id=19380, stack(0x0000005597e00000,0x0000005597f00000) (1024K)]
Total: 12

Other Threads:
  0x000001cc34a7ebb0 VMThread "VM Thread"                           [id=7284, stack(0x0000005596800000,0x0000005596900000) (1024K)]
  0x000001cc4ef0cfe0 WatcherThread "VM Periodic Task Thread"        [id=11072, stack(0x0000005596700000,0x0000005596800000) (1024K)]
  0x000001cc349e4e10 WorkerThread "GC Thread#0"                     [id=19972, stack(0x0000005596200000,0x0000005596300000) (1024K)]
  0x000001cc94993a20 WorkerThread "GC Thread#1"                     [id=20220, stack(0x0000005597400000,0x0000005597500000) (1024K)]
  0x000001cc945b3230 WorkerThread "GC Thread#2"                     [id=20888, stack(0x0000005597500000,0x0000005597600000) (1024K)]
  0x000001cc943332c0 WorkerThread "GC Thread#3"                     [id=13608, stack(0x0000005597600000,0x0000005597700000) (1024K)]
  0x000001cc957665a0 WorkerThread "GC Thread#4"                     [id=20484, stack(0x0000005597800000,0x0000005597900000) (1024K)]
  0x000001cc95766950 WorkerThread "GC Thread#5"                     [id=21468, stack(0x0000005597900000,0x0000005597a00000) (1024K)]
  0x000001cc95766f10 WorkerThread "GC Thread#6"                     [id=1116, stack(0x0000005597a00000,0x0000005597b00000) (1024K)]
  0x000001cc957676d0 WorkerThread "GC Thread#7"                     [id=6104, stack(0x0000005597b00000,0x0000005597c00000) (1024K)]
  0x000001cc95436920 WorkerThread "GC Thread#8"                     [id=19056, stack(0x0000005597c00000,0x0000005597d00000) (1024K)]
  0x000001cc95436cd0 WorkerThread "GC Thread#9"                     [id=12204, stack(0x0000005597d00000,0x0000005597e00000) (1024K)]
  0x000001cc349e7610 ConcurrentGCThread "G1 Main Marker"            [id=11764, stack(0x0000005596300000,0x0000005596400000) (1024K)]
  0x000001cc349e82e0 WorkerThread "G1 Conc#0"                       [id=19920, stack(0x0000005596400000,0x0000005596500000) (1024K)]
  0x000001cc34a62100 ConcurrentGCThread "G1 Refine#0"               [id=15152, stack(0x0000005596500000,0x0000005596600000) (1024K)]
  0x000001cc34a64090 ConcurrentGCThread "G1 Service"                [id=13256, stack(0x0000005596600000,0x0000005596700000) (1024K)]
Total: 16

Threads with active compile tasks:
C2 CompilerThread1  47888 2253       4       org.gradle.internal.logging.text.AbstractLineChoppingStyledTextOutput$1::execute (9 bytes)
Total: 1

VM state: not at safepoint (normal execution)

VM Mutex/Monitor currently owned by a thread: None

Heap address: 0x00000000fc000000, size: 64 MB, Compressed Oops mode: 32-bit

CDS archive(s) mapped at: [0x000001cc4f000000-0x000001cc4fc60000-0x000001cc4fc60000), size 12976128, SharedBaseAddress: 0x000001cc4f000000, ArchiveRelocationMode: 1.
Compressed class space mapped at: 0x000001cc50000000-0x000001cc90000000, reserved size: 1073741824
Narrow klass base: 0x000001cc4f000000, Narrow klass shift: 0, Narrow klass range: 0x41000000

GC Precious Log:
 CardTable entry size: 512
 Card Set container configuration: InlinePtr #cards 5 size 8 Array Of Cards #cards 12 size 40 Howl #buckets 4 coarsen threshold 1843 Howl Bitmap #cards 512 size 80 coarsen threshold 460 Card regions per heap region 1 cards per card region 2048
 CPUs: 12 total, 12 available
 Memory: 7521M
 Large Page Support: Disabled
 NUMA Support: Disabled
 Compressed Oops: Enabled (32-bit)
 Heap Region Size: 1M
 Heap Min Capacity: 64M
 Heap Initial Capacity: 64M
 Heap Max Capacity: 64M
 Pre-touch: Disabled
 Parallel Workers: 10
 Concurrent Workers: 3
 Concurrent Refinement Workers: 10
 Periodic GC: Disabled

Heap:
 garbage-first heap   total reserved 65536K, committed 65536K, used 22140K [0x00000000fc000000, 0x0000000100000000)
  region size 1024K, 15 young (15360K), 5 survivors (5120K)
 Metaspace       used 11416K, committed 11776K, reserved 1114112K
  class space    used 1494K, committed 1664K, reserved 1048576K

Heap Regions: E=young(eden), S=young(survivor), O=old, HS=humongous(starts), HC=humongous(continues), CS=collection set, F=free, TAMS=top-at-mark-start, PB=parsable bottom
|   0|0x00000000fc000000, 0x00000000fc100000, 0x00000000fc100000|100%| O|  |TAMS 0x00000000fc000000| PB 0x00000000fc000000| Untracked |  0
|   1|0x00000000fc100000, 0x00000000fc200000, 0x00000000fc200000|100%|HS|  |TAMS 0x00000000fc100000| PB 0x00000000fc100000| Complete |  0
|   2|0x00000000fc200000, 0x00000000fc300000, 0x00000000fc300000|100%|HC|  |TAMS 0x00000000fc200000| PB 0x00000000fc200000| Complete |  0
|   3|0x00000000fc300000, 0x00000000fc400000, 0x00000000fc400000|100%|HC|  |TAMS 0x00000000fc300000| PB 0x00000000fc300000| Complete |  0
|   4|0x00000000fc400000, 0x00000000fc500000, 0x00000000fc500000|100%| O|  |TAMS 0x00000000fc400000| PB 0x00000000fc400000| Untracked |  0
|   5|0x00000000fc500000, 0x00000000fc600000, 0x00000000fc600000|100%| O|  |TAMS 0x00000000fc500000| PB 0x00000000fc500000| Untracked |  0
|   6|0x00000000fc600000, 0x00000000fc700000, 0x00000000fc700000|100%| O|  |TAMS 0x00000000fc600000| PB 0x00000000fc600000| Untracked |  0
|   7|0x00000000fc700000, 0x00000000fc79f330, 0x00000000fc800000| 62%| O|  |TAMS 0x00000000fc700000| PB 0x00000000fc700000| Untracked |  0
|   8|0x00000000fc800000, 0x00000000fc800000, 0x00000000fc900000|  0%| F|  |TAMS 0x00000000fc800000| PB 0x00000000fc800000| Untracked |  0
|   9|0x00000000fc900000, 0x00000000fc900000, 0x00000000fca00000|  0%| F|  |TAMS 0x00000000fc900000| PB 0x00000000fc900000| Untracked |  0
|  10|0x00000000fca00000, 0x00000000fca00000, 0x00000000fcb00000|  0%| F|  |TAMS 0x00000000fca00000| PB 0x00000000fca00000| Untracked |  0
|  11|0x00000000fcb00000, 0x00000000fcb00000, 0x00000000fcc00000|  0%| F|  |TAMS 0x00000000fcb00000| PB 0x00000000fcb00000| Untracked |  0
|  12|0x00000000fcc00000, 0x00000000fcc00000, 0x00000000fcd00000|  0%| F|  |TAMS 0x00000000fcc00000| PB 0x00000000fcc00000| Untracked |  0
|  13|0x00000000fcd00000, 0x00000000fcd00000, 0x00000000fce00000|  0%| F|  |TAMS 0x00000000fcd00000| PB 0x00000000fcd00000| Untracked |  0
|  14|0x00000000fce00000, 0x00000000fce00000, 0x00000000fcf00000|  0%| F|  |TAMS 0x00000000fce00000| PB 0x00000000fce00000| Untracked |  0
|  15|0x00000000fcf00000, 0x00000000fcf00000, 0x00000000fd000000|  0%| F|  |TAMS 0x00000000fcf00000| PB 0x00000000fcf00000| Untracked |  0
|  16|0x00000000fd000000, 0x00000000fd000000, 0x00000000fd100000|  0%| F|  |TAMS 0x00000000fd000000| PB 0x00000000fd000000| Untracked |  0
|  17|0x00000000fd100000, 0x00000000fd100000, 0x00000000fd200000|  0%| F|  |TAMS 0x00000000fd100000| PB 0x00000000fd100000| Untracked |  0
|  18|0x00000000fd200000, 0x00000000fd200000, 0x00000000fd300000|  0%| F|  |TAMS 0x00000000fd200000| PB 0x00000000fd200000| Untracked |  0
|  19|0x00000000fd300000, 0x00000000fd300000, 0x00000000fd400000|  0%| F|  |TAMS 0x00000000fd300000| PB 0x00000000fd300000| Untracked |  0
|  20|0x00000000fd400000, 0x00000000fd400000, 0x00000000fd500000|  0%| F|  |TAMS 0x00000000fd400000| PB 0x00000000fd400000| Untracked |  0
|  21|0x00000000fd500000, 0x00000000fd500000, 0x00000000fd600000|  0%| F|  |TAMS 0x00000000fd500000| PB 0x00000000fd500000| Untracked |  0
|  22|0x00000000fd600000, 0x00000000fd600000, 0x00000000fd700000|  0%| F|  |TAMS 0x00000000fd600000| PB 0x00000000fd600000| Untracked |  0
|  23|0x00000000fd700000, 0x00000000fd700000, 0x00000000fd800000|  0%| F|  |TAMS 0x00000000fd700000| PB 0x00000000fd700000| Untracked |  0
|  24|0x00000000fd800000, 0x00000000fd800000, 0x00000000fd900000|  0%| F|  |TAMS 0x00000000fd800000| PB 0x00000000fd800000| Untracked |  0
|  25|0x00000000fd900000, 0x00000000fda00000, 0x00000000fda00000|100%| S|CS|TAMS 0x00000000fd900000| PB 0x00000000fd900000| Complete |  0
|  26|0x00000000fda00000, 0x00000000fdb00000, 0x00000000fdb00000|100%| S|CS|TAMS 0x00000000fda00000| PB 0x00000000fda00000| Complete |  0
|  27|0x00000000fdb00000, 0x00000000fdc00000, 0x00000000fdc00000|100%| S|CS|TAMS 0x00000000fdb00000| PB 0x00000000fdb00000| Complete |  0
|  28|0x00000000fdc00000, 0x00000000fdd00000, 0x00000000fdd00000|100%| S|CS|TAMS 0x00000000fdc00000| PB 0x00000000fdc00000| Complete |  0
|  29|0x00000000fdd00000, 0x00000000fde00000, 0x00000000fde00000|100%| S|CS|TAMS 0x00000000fdd00000| PB 0x00000000fdd00000| Complete |  0
|  30|0x00000000fde00000, 0x00000000fde00000, 0x00000000fdf00000|  0%| F|  |TAMS 0x00000000fde00000| PB 0x00000000fde00000| Untracked |  0
|  31|0x00000000fdf00000, 0x00000000fdf00000, 0x00000000fe000000|  0%| F|  |TAMS 0x00000000fdf00000| PB 0x00000000fdf00000| Untracked |  0
|  32|0x00000000fe000000, 0x00000000fe000000, 0x00000000fe100000|  0%| F|  |TAMS 0x00000000fe000000| PB 0x00000000fe000000| Untracked |  0
|  33|0x00000000fe100000, 0x00000000fe100000, 0x00000000fe200000|  0%| F|  |TAMS 0x00000000fe100000| PB 0x00000000fe100000| Untracked |  0
|  34|0x00000000fe200000, 0x00000000fe200000, 0x00000000fe300000|  0%| F|  |TAMS 0x00000000fe200000| PB 0x00000000fe200000| Untracked |  0
|  35|0x00000000fe300000, 0x00000000fe300000, 0x00000000fe400000|  0%| F|  |TAMS 0x00000000fe300000| PB 0x00000000fe300000| Untracked |  0
|  36|0x00000000fe400000, 0x00000000fe400000, 0x00000000fe500000|  0%| F|  |TAMS 0x00000000fe400000| PB 0x00000000fe400000| Untracked |  0
|  37|0x00000000fe500000, 0x00000000fe500000, 0x00000000fe600000|  0%| F|  |TAMS 0x00000000fe500000| PB 0x00000000fe500000| Untracked |  0
|  38|0x00000000fe600000, 0x00000000fe600000, 0x00000000fe700000|  0%| F|  |TAMS 0x00000000fe600000| PB 0x00000000fe600000| Untracked |  0
|  39|0x00000000fe700000, 0x00000000fe700000, 0x00000000fe800000|  0%| F|  |TAMS 0x00000000fe700000| PB 0x00000000fe700000| Untracked |  0
|  40|0x00000000fe800000, 0x00000000fe800000, 0x00000000fe900000|  0%| F|  |TAMS 0x00000000fe800000| PB 0x00000000fe800000| Untracked |  0
|  41|0x00000000fe900000, 0x00000000fe900000, 0x00000000fea00000|  0%| F|  |TAMS 0x00000000fe900000| PB 0x00000000fe900000| Untracked |  0
|  42|0x00000000fea00000, 0x00000000fea00000, 0x00000000feb00000|  0%| F|  |TAMS 0x00000000fea00000| PB 0x00000000fea00000| Untracked |  0
|  43|0x00000000feb00000, 0x00000000feb00000, 0x00000000fec00000|  0%| F|  |TAMS 0x00000000feb00000| PB 0x00000000feb00000| Untracked |  0
|  44|0x00000000fec00000, 0x00000000fec00000, 0x00000000fed00000|  0%| F|  |TAMS 0x00000000fec00000| PB 0x00000000fec00000| Untracked |  0
|  45|0x00000000fed00000, 0x00000000fed00000, 0x00000000fee00000|  0%| F|  |TAMS 0x00000000fed00000| PB 0x00000000fed00000| Untracked |  0
|  46|0x00000000fee00000, 0x00000000fee00000, 0x00000000fef00000|  0%| F|  |TAMS 0x00000000fee00000| PB 0x00000000fee00000| Untracked |  0
|  47|0x00000000fef00000, 0x00000000fef00000, 0x00000000ff000000|  0%| F|  |TAMS 0x00000000fef00000| PB 0x00000000fef00000| Untracked |  0
|  48|0x00000000ff000000, 0x00000000ff000000, 0x00000000ff100000|  0%| F|  |TAMS 0x00000000ff000000| PB 0x00000000ff000000| Untracked |  0
|  49|0x00000000ff100000, 0x00000000ff100000, 0x00000000ff200000|  0%| F|  |TAMS 0x00000000ff100000| PB 0x00000000ff100000| Untracked |  0
|  50|0x00000000ff200000, 0x00000000ff200000, 0x00000000ff300000|  0%| F|  |TAMS 0x00000000ff200000| PB 0x00000000ff200000| Untracked |  0
|  51|0x00000000ff300000, 0x00000000ff300000, 0x00000000ff400000|  0%| F|  |TAMS 0x00000000ff300000| PB 0x00000000ff300000| Untracked |  0
|  52|0x00000000ff400000, 0x00000000ff400000, 0x00000000ff500000|  0%| F|  |TAMS 0x00000000ff400000| PB 0x00000000ff400000| Untracked |  0
|  53|0x00000000ff500000, 0x00000000ff500000, 0x00000000ff600000|  0%| F|  |TAMS 0x00000000ff500000| PB 0x00000000ff500000| Untracked |  0
|  54|0x00000000ff600000, 0x00000000ff6ccd18, 0x00000000ff700000| 80%| E|  |TAMS 0x00000000ff600000| PB 0x00000000ff600000| Complete |  0
|  55|0x00000000ff700000, 0x00000000ff800000, 0x00000000ff800000|100%| E|CS|TAMS 0x00000000ff700000| PB 0x00000000ff700000| Complete |  0
|  56|0x00000000ff800000, 0x00000000ff900000, 0x00000000ff900000|100%| E|CS|TAMS 0x00000000ff800000| PB 0x00000000ff800000| Complete |  0
|  57|0x00000000ff900000, 0x00000000ffa00000, 0x00000000ffa00000|100%| E|CS|TAMS 0x00000000ff900000| PB 0x00000000ff900000| Complete |  0
|  58|0x00000000ffa00000, 0x00000000ffb00000, 0x00000000ffb00000|100%| E|CS|TAMS 0x00000000ffa00000| PB 0x00000000ffa00000| Complete |  0
|  59|0x00000000ffb00000, 0x00000000ffc00000, 0x00000000ffc00000|100%| E|CS|TAMS 0x00000000ffb00000| PB 0x00000000ffb00000| Complete |  0
|  60|0x00000000ffc00000, 0x00000000ffd00000, 0x00000000ffd00000|100%| E|CS|TAMS 0x00000000ffc00000| PB 0x00000000ffc00000| Complete |  0
|  61|0x00000000ffd00000, 0x00000000ffe00000, 0x00000000ffe00000|100%| E|CS|TAMS 0x00000000ffd00000| PB 0x00000000ffd00000| Complete |  0
|  62|0x00000000ffe00000, 0x00000000fff00000, 0x00000000fff00000|100%| E|CS|TAMS 0x00000000ffe00000| PB 0x00000000ffe00000| Complete |  0
|  63|0x00000000fff00000, 0x0000000100000000, 0x0000000100000000|100%| E|CS|TAMS 0x00000000fff00000| PB 0x00000000fff00000| Complete |  0

Card table byte_map: [0x000001cc348d0000,0x000001cc348f0000] _byte_map_base: 0x000001cc340f0000

Marking Bits: (CMBitMap*) 0x000001cc349e6530
 Bits: [0x000001cc4c250000, 0x000001cc4c350000)

Polling page: 0x000001cc32990000

Metaspace:

Usage:
  Non-class:      9.69 MB used.
      Class:      1.46 MB used.
       Both:     11.15 MB used.

Virtual space:
  Non-class space:       64.00 MB reserved,       9.88 MB ( 15%) committed,  1 nodes.
      Class space:        1.00 GB reserved,       1.62 MB ( <1%) committed,  1 nodes.
             Both:        1.06 GB reserved,      11.50 MB (  1%) committed. 

Chunk freelists:
   Non-Class:  5.72 MB
       Class:  14.42 MB
        Both:  20.14 MB

MaxMetaspaceSize: unlimited
CompressedClassSpaceSize: 1.00 GB
Initial GC threshold: 21.00 MB
Current GC threshold: 21.00 MB
CDS: on
 - commit_granule_bytes: 65536.
 - commit_granule_words: 8192.
 - virtual_space_node_default_size: 8388608.
 - enlarge_chunks_in_place: 1.
 - use_allocation_guard: 0.


Internal statistics:

num_allocs_failed_limit: 0.
num_arena_births: 272.
num_arena_deaths: 0.
num_vsnodes_births: 2.
num_vsnodes_deaths: 0.
num_space_committed: 184.
num_space_uncommitted: 0.
num_chunks_returned_to_freelist: 0.
num_chunks_taken_from_freelist: 614.
num_chunk_merges: 0.
num_chunk_splits: 393.
num_chunks_enlarged: 276.
num_inconsistent_stats: 0.

CodeHeap 'non-profiled nmethods': size=120000Kb used=894Kb max_used=894Kb free=119106Kb
 bounds [0x000001cc447d0000, 0x000001cc44a40000, 0x000001cc4bd00000]
CodeHeap 'profiled nmethods': size=120000Kb used=4406Kb max_used=4406Kb free=115593Kb
 bounds [0x000001cc3cd00000, 0x000001cc3d150000, 0x000001cc44230000]
CodeHeap 'non-nmethods': size=5760Kb used=1440Kb max_used=1455Kb free=4319Kb
 bounds [0x000001cc44230000, 0x000001cc444a0000, 0x000001cc447d0000]
 total_blobs=2797 nmethods=2268 adapters=434
 compilation: enabled
              stopped_count=0, restarted_count=0
 full_count=0

Compilation events (20 events):
Event: 47.806 Thread 0x000001cc4ef68140 2250       3       java.nio.ByteBuffer::hasArray (20 bytes)
Event: 47.806 Thread 0x000001cc4ef45660 nmethod 2244 0x000001cc448aac10 code [0x000001cc448aada0, 0x000001cc448aae68]
Event: 47.806 Thread 0x000001cc4ef45660 2245       4       org.gradle.internal.logging.text.AbstractLineChoppingStyledTextOutput$SeenFromEol::none (13 bytes)
Event: 47.806 Thread 0x000001cc4ef68140 nmethod 2250 0x000001cc3d147a10 code [0x000001cc3d147ba0, 0x000001cc3d147d38]
Event: 47.806 Thread 0x000001cc349cec00 2246       4       org.gradle.internal.logging.text.AbstractLineChoppingStyledTextOutput::access$800 (4 bytes)
Event: 47.806 Thread 0x000001cc4ef68140 2251       3       sun.nio.cs.UTF_8::updatePositions (23 bytes)
Event: 47.806 Thread 0x000001cc4ef45660 nmethod 2245 0x000001cc448aaf10 code [0x000001cc448ab080, 0x000001cc448ab128]
Event: 47.806 Thread 0x000001cc4ef68140 nmethod 2251 0x000001cc3d147e10 code [0x000001cc3d147fe0, 0x000001cc3d148418]
Event: 47.806 Thread 0x000001cc349cec00 nmethod 2246 0x000001cc448ab210 code [0x000001cc448ab380, 0x000001cc448ab3f0]
Event: 47.806 Thread 0x000001cc4ef68140 2252       3       org.gradle.internal.logging.console.Cursor::at (20 bytes)
Event: 47.806 Thread 0x000001cc4ef45660 2247       4       org.gradle.internal.logging.text.AbstractLineChoppingStyledTextOutput::access$900 (4 bytes)
Event: 47.806 Thread 0x000001cc349cec00 2248       4       org.gradle.internal.logging.text.AbstractLineChoppingStyledTextOutput$StateContext::next (11 bytes)
Event: 47.807 Thread 0x000001cc4ef68140 nmethod 2252 0x000001cc3d148590 code [0x000001cc3d148740, 0x000001cc3d148950]
Event: 47.807 Thread 0x000001cc4ef45660 nmethod 2247 0x000001cc448ab510 code [0x000001cc448ab680, 0x000001cc448ab6f0]
Event: 47.807 Thread 0x000001cc349cec00 nmethod 2248 0x000001cc448ab810 code [0x000001cc448ab980, 0x000001cc448aba08]
Event: 47.808 Thread 0x000001cc349cec00 2253       4       org.gradle.internal.logging.text.AbstractLineChoppingStyledTextOutput$1::execute (9 bytes)
Event: 47.808 Thread 0x000001cc4ef45660 2254       4       org.gradle.internal.logging.text.AbstractLineChoppingStyledTextOutput$1::execute (140 bytes)
Event: 47.808 Thread 0x000001cc4ef68140 2256       3       java.nio.CharBuffer::limit (8 bytes)
Event: 47.808 Thread 0x000001cc4ef68140 nmethod 2256 0x000001cc3d148a90 code [0x000001cc3d148c40, 0x000001cc3d148d90]
Event: 47.809 Thread 0x000001cc4ef68140 2257   !   3       java.nio.charset.CharsetEncoder::encode (273 bytes)

GC Heap History (4 events):
Event: 0.331 GC heap before
{Heap before GC invocations=0 (full 0):
 garbage-first heap   total reserved 65536K, committed 65536K, used 23552K [0x00000000fc000000, 0x0000000100000000)
  region size 1024K, 24 young (24576K), 0 survivors (0K)
 Metaspace       used 1710K, committed 1920K, reserved 1114112K
  class space    used 152K, committed 256K, reserved 1048576K
}
Event: 0.335 GC heap after
{Heap after GC invocations=1 (full 0):
 garbage-first heap   total reserved 65536K, committed 65536K, used 4096K [0x00000000fc000000, 0x0000000100000000)
  region size 1024K, 3 young (3072K), 3 survivors (3072K)
 Metaspace       used 1710K, committed 1920K, reserved 1114112K
  class space    used 152K, committed 256K, reserved 1048576K
}
Event: 1.018 GC heap before
{Heap before GC invocations=1 (full 0):
 garbage-first heap   total reserved 65536K, committed 65536K, used 38912K [0x00000000fc000000, 0x0000000100000000)
  region size 1024K, 34 young (34816K), 3 survivors (3072K)
 Metaspace       used 9058K, committed 9344K, reserved 1114112K
  class space    used 1230K, committed 1344K, reserved 1048576K
}
Event: 1.024 GC heap after
{Heap after GC invocations=2 (full 0):
 garbage-first heap   total reserved 65536K, committed 65536K, used 12924K [0x00000000fc000000, 0x0000000100000000)
  region size 1024K, 5 young (5120K), 5 survivors (5120K)
 Metaspace       used 9058K, committed 9344K, reserved 1114112K
  class space    used 1230K, committed 1344K, reserved 1048576K
}

Dll operation events (13 events):
Event: 0.007 Loaded shared library C:\Program Files\Java\jdk-22\bin\java.dll
Event: 0.031 Loaded shared library C:\Program Files\Java\jdk-22\bin\jsvml.dll
Event: 0.043 Loaded shared library C:\Program Files\Java\jdk-22\bin\net.dll
Event: 0.044 Loaded shared library C:\Program Files\Java\jdk-22\bin\nio.dll
Event: 0.047 Loaded shared library C:\Program Files\Java\jdk-22\bin\zip.dll
Event: 0.280 Loaded shared library C:\Program Files\Java\jdk-22\bin\jimage.dll
Event: 0.443 Loaded shared library C:\Program Files\Java\jdk-22\bin\verify.dll
Event: 0.510 Loaded shared library C:\Program Files\Java\jdk-22\bin\management.dll
Event: 0.512 Loaded shared library C:\Program Files\Java\jdk-22\bin\management_ext.dll
Event: 0.574 Loaded shared library C:\Users\yashr\.gradle\native\c067742578af261105cb4f569cf0c3c89f3d7b1fecec35dd04571415982c5e48\windows-amd64\native-platform.dll
Event: 0.594 Loaded shared library C:\Users\yashr\.gradle\native\jansi\1.18\windows64\jansi.dll
Event: 0.917 Loaded shared library C:\Program Files\Java\jdk-22\bin\extnet.dll
Event: 2.686 Loaded shared library C:\Program Files\Java\jdk-22\bin\sunmscapi.dll

Deoptimization events (20 events):
Event: 47.792 Thread 0x000001cc349c54e0 Uncommon trap: trap_request=0xffffff45 fr.pc=0x000001cc448760a8 relative=0x00000000000002e8
Event: 47.792 Thread 0x000001cc349c54e0 Uncommon trap: reason=unstable_if action=reinterpret pc=0x000001cc448760a8 method=java.net.URI.match(CJJ)Z @ 19 c2
Event: 47.792 Thread 0x000001cc349c54e0 DEOPT PACKING pc=0x000001cc448760a8 sp=0x00000055961fdd50
Event: 47.792 Thread 0x000001cc349c54e0 DEOPT UNPACKING pc=0x000001cc442846a2 sp=0x00000055961fdc40 mode 2
Event: 47.792 Thread 0x000001cc349c54e0 Uncommon trap: trap_request=0xffffff45 fr.pc=0x000001cc4487ed34 relative=0x00000000000001f4
Event: 47.792 Thread 0x000001cc349c54e0 Uncommon trap: reason=unstable_if action=reinterpret pc=0x000001cc4487ed34 method=java.net.URI$Parser.scan(IILjava/lang/String;)I @ 26 c2
Event: 47.792 Thread 0x000001cc349c54e0 DEOPT PACKING pc=0x000001cc4487ed34 sp=0x00000055961fdf80
Event: 47.792 Thread 0x000001cc349c54e0 DEOPT UNPACKING pc=0x000001cc442846a2 sp=0x00000055961fdf10 mode 2
Event: 47.804 Thread 0x000001cc349c54e0 Uncommon trap: trap_request=0xffffff45 fr.pc=0x000001cc448a83a8 relative=0x00000000000003e8
Event: 47.804 Thread 0x000001cc349c54e0 Uncommon trap: reason=unstable_if action=reinterpret pc=0x000001cc448a83a8 method=org.gradle.internal.logging.text.AbstractLineChoppingStyledTextOutput$2.execute(Lorg/gradle/internal/logging/text/AbstractLineChoppingStyledTextOutput$StateContext;)V @ 34 c
Event: 47.804 Thread 0x000001cc349c54e0 DEOPT PACKING pc=0x000001cc448a83a8 sp=0x00000055961fdd20
Event: 47.804 Thread 0x000001cc349c54e0 DEOPT UNPACKING pc=0x000001cc442846a2 sp=0x00000055961fdba8 mode 2
Event: 47.804 Thread 0x000001cc349c54e0 Uncommon trap: trap_request=0xffffff45 fr.pc=0x000001cc448a5af8 relative=0x00000000000003d8
Event: 47.804 Thread 0x000001cc349c54e0 Uncommon trap: reason=unstable_if action=reinterpret pc=0x000001cc448a5af8 method=org.gradle.internal.logging.text.AbstractLineChoppingStyledTextOutput$2.execute(Lorg/gradle/internal/logging/text/AbstractLineChoppingStyledTextOutput$StateContext;)V @ 34 c
Event: 47.804 Thread 0x000001cc349c54e0 DEOPT PACKING pc=0x000001cc448a5af8 sp=0x00000055961fd930
Event: 47.804 Thread 0x000001cc349c54e0 DEOPT UNPACKING pc=0x000001cc442846a2 sp=0x00000055961fd830 mode 2
Event: 47.804 Thread 0x000001cc349c54e0 Uncommon trap: trap_request=0xffffff45 fr.pc=0x000001cc448a7438 relative=0x00000000000002b8
Event: 47.804 Thread 0x000001cc349c54e0 Uncommon trap: reason=unstable_if action=reinterpret pc=0x000001cc448a7438 method=org.gradle.internal.logging.text.AbstractLineChoppingStyledTextOutput$2.execute(Lorg/gradle/internal/logging/text/AbstractLineChoppingStyledTextOutput$StateContext;)V @ 34 c
Event: 47.804 Thread 0x000001cc349c54e0 DEOPT PACKING pc=0x000001cc448a7438 sp=0x00000055961fdc10
Event: 47.804 Thread 0x000001cc349c54e0 DEOPT UNPACKING pc=0x000001cc442846a2 sp=0x00000055961fdbd0 mode 2

Classes loaded (20 events):
Event: 47.755 Loading class sun/nio/fs/WindowsChannelFactory
Event: 47.756 Loading class sun/nio/fs/WindowsChannelFactory done
Event: 47.756 Loading class sun/nio/fs/WindowsChannelFactory$1
Event: 47.756 Loading class sun/nio/fs/WindowsChannelFactory$1 done
Event: 47.756 Loading class sun/nio/fs/WindowsChannelFactory$Flags
Event: 47.756 Loading class sun/nio/fs/WindowsChannelFactory$Flags done
Event: 47.756 Loading class sun/nio/fs/WindowsChannelFactory$2
Event: 47.756 Loading class sun/nio/fs/WindowsChannelFactory$2 done
Event: 47.757 Loading class sun/nio/ch/FileChannelImpl$Closer
Event: 47.757 Loading class sun/nio/ch/FileChannelImpl$Closer done
Event: 47.760 Loading class java/util/stream/Streams$1
Event: 47.761 Loading class java/util/stream/Streams$1 done
Event: 47.768 Loading class java/nio/file/FileChannelLinesSpliterator$1
Event: 47.769 Loading class java/nio/file/FileChannelLinesSpliterator$1 done
Event: 47.769 Loading class java/nio/channels/Channels
Event: 47.769 Loading class java/nio/channels/Channels done
Event: 47.769 Loading class java/io/FileReader
Event: 47.770 Loading class java/io/FileReader done
Event: 47.801 Loading class java/util/concurrent/ConcurrentLinkedQueue$Itr
Event: 47.802 Loading class java/util/concurrent/ConcurrentLinkedQueue$Itr done

Classes unloaded (0 events):
No events

Classes redefined (0 events):
No events

Internal exceptions (20 events):
Event: 0.641 Thread 0x000001cc349c54e0 Exception <a 'java/lang/NoSuchMethodError'{0x00000000feeb60e0}: 'java.lang.Object java.lang.invoke.DirectMethodHandle$Holder.invokeVirtual(java.lang.Object, java.lang.Object, java.lang.Object, java.lang.Object, java.lang.Object, java.lang.Object, java.lang.Object)'> (0x00000000feeb60e0) 
thrown [s\open\src\hotspot\share\interpreter\linkResolver.cpp, line 774]
Event: 0.646 Thread 0x000001cc349c54e0 Exception <a 'java/lang/NoSuchMethodError'{0x00000000feef4248}: 'java.lang.Object java.lang.invoke.DirectMethodHandle$Holder.invokeVirtual(java.lang.Object, java.lang.Object, java.lang.Object, java.lang.Object)'> (0x00000000feef4248) 
thrown [s\open\src\hotspot\share\interpreter\linkResolver.cpp, line 774]
Event: 0.669 Thread 0x000001cc349c54e0 Exception <a 'java/lang/NoSuchMethodError'{0x00000000fec57458}: 'int java.lang.invoke.DirectMethodHandle$Holder.invokeVirtual(java.lang.Object, java.lang.Object, java.lang.Object)'> (0x00000000fec57458) 
thrown [s\open\src\hotspot\share\interpreter\linkResolver.cpp, line 774]
Event: 0.689 Thread 0x000001cc349c54e0 Exception <a 'java/lang/NoSuchMethodError'{0x00000000feb97570}: 'java.lang.Object java.lang.invoke.DirectMethodHandle$Holder.invokeVirtual(java.lang.Object, java.lang.Object, java.lang.Object, java.lang.Object, java.lang.Object, java.lang.Object)'> (0x00000000feb97570) 
thrown [s\open\src\hotspot\share\interpreter\linkResolver.cpp, line 774]
Event: 0.701 Thread 0x000001cc349c54e0 Exception <a 'java/lang/NoSuchMethodError'{0x00000000fea4c608}: 'java.lang.Object java.lang.invoke.DirectMethodHandle$Holder.invokeVirtual(java.lang.Object, java.lang.Object, java.lang.Object, java.lang.Object, java.lang.Object)'> (0x00000000fea4c608) 
thrown [s\open\src\hotspot\share\interpreter\linkResolver.cpp, line 774]
Event: 0.702 Thread 0x000001cc349c54e0 Exception <a 'java/lang/NoSuchMethodError'{0x00000000fea5f408}: 'java.lang.Object java.lang.invoke.Invokers$Holder.invokeExact_MT(java.lang.Object, java.lang.Object, java.lang.Object, java.lang.Object, java.lang.Object, java.lang.Object)'> (0x00000000fea5f408) 
thrown [s\open\src\hotspot\share\interpreter\linkResolver.cpp, line 774]
Event: 0.716 Thread 0x000001cc349c54e0 Exception <a 'java/lang/NoSuchMethodError'{0x00000000fe938848}: 'java.lang.Object java.lang.invoke.DirectMethodHandle$Holder.invokeSpecialIFC(java.lang.Object, java.lang.Object, java.lang.Object, java.lang.Object)'> (0x00000000fe938848) 
thrown [s\open\src\hotspot\share\interpreter\linkResolver.cpp, line 774]
Event: 0.717 Thread 0x000001cc349c54e0 Exception <a 'java/lang/NoSuchMethodError'{0x00000000fe941ae8}: 'java.lang.Object java.lang.invoke.DirectMethodHandle$Holder.invokeVirtual(java.lang.Object, java.lang.Object, java.lang.Object, java.lang.Object, java.lang.Object, java.lang.Object, java.lang.Object, java.lang.Object)'> (0x00000000fe941ae8) 
thrown [s\open\src\hotspot\share\interpreter\linkResolver.cpp, line 774]
Event: 0.723 Thread 0x000001cc349c54e0 Exception <a 'java/lang/NoSuchMethodError'{0x00000000fe9d6998}: 'java.lang.Object java.lang.invoke.DirectMethodHandle$Holder.invokeVirtual(java.lang.Object, java.lang.Object, java.lang.Object, java.lang.Object, java.lang.Object, java.lang.Object, java.lang.Object, java.lang.Object, java.lang.Object)'> (0x00000000fe9d6998) 
thrown [s\open\src\hotspot\share\interpreter\linkResolver.cpp, line 774]
Event: 0.763 Thread 0x000001cc349c54e0 Exception <a 'java/lang/NoSuchMethodError'{0x00000000fe373930}: 'java.lang.Object java.lang.invoke.DirectMethodHandle$Holder.invokeStaticInit(java.lang.Object, int, int, int, int)'> (0x00000000fe373930) 
thrown [s\open\src\hotspot\share\interpreter\linkResolver.cpp, line 774]
Event: 0.901 Thread 0x000001cc349c54e0 Exception <a 'java/lang/NoSuchMethodError'{0x00000000fe2355c8}: 'java.lang.Object java.lang.invoke.DirectMethodHandle$Holder.invokeStaticInit(java.lang.Object, java.lang.Object, int, int, int, int)'> (0x00000000fe2355c8) 
thrown [s\open\src\hotspot\share\interpreter\linkResolver.cpp, line 774]
Event: 0.918 Thread 0x000001cc349c54e0 Exception <a 'java/lang/NoSuchMethodError'{0x00000000fe25f2a0}: 'void java.lang.invoke.DirectMethodHandle$Holder.invokeStatic(java.lang.Object, java.lang.Object, java.lang.Object)'> (0x00000000fe25f2a0) 
thrown [s\open\src\hotspot\share\interpreter\linkResolver.cpp, line 774]
Event: 0.988 Thread 0x000001cc349c54e0 Exception <a 'java/lang/NoSuchMethodError'{0x00000000fdf62af0}: 'void java.lang.invoke.DirectMethodHandle$Holder.invokeInterface(java.lang.Object, java.lang.Object, java.lang.Object)'> (0x00000000fdf62af0) 
thrown [s\open\src\hotspot\share\interpreter\linkResolver.cpp, line 774]
Event: 1.093 Thread 0x000001cc953f6e70 Exception <a 'java/lang/NoSuchMethodError'{0x00000000ffb8ba48}: 'void java.lang.invoke.DirectMethodHandle$Holder.invokeStatic(java.lang.Object, long)'> (0x00000000ffb8ba48) 
thrown [s\open\src\hotspot\share\interpreter\linkResolver.cpp, line 774]
Event: 1.093 Thread 0x000001cc953f6e70 Exception <a 'java/lang/NoSuchMethodError'{0x00000000ffb90e10}: 'java.lang.Object java.lang.invoke.DirectMethodHandle$Holder.newInvokeSpecial(java.lang.Object, long)'> (0x00000000ffb90e10) 
thrown [s\open\src\hotspot\share\interpreter\linkResolver.cpp, line 774]
Event: 1.094 Thread 0x000001cc953f6e70 Exception <a 'java/lang/NoSuchMethodError'{0x00000000ffb97eb8}: 'java.lang.Object java.lang.invoke.DirectMethodHandle$Holder.invokeStatic(java.lang.Object, long, java.lang.Object)'> (0x00000000ffb97eb8) 
thrown [s\open\src\hotspot\share\interpreter\linkResolver.cpp, line 774]
Event: 1.095 Thread 0x000001cc953f6e70 Exception <a 'java/lang/NoSuchMethodError'{0x00000000ffb9b670}: 'java.lang.Object java.lang.invoke.DirectMethodHandle$Holder.invokeStaticInit(java.lang.Object, long, java.lang.Object)'> (0x00000000ffb9b670) 
thrown [s\open\src\hotspot\share\interpreter\linkResolver.cpp, line 774]
Event: 47.731 Thread 0x000001cc349c54e0 Exception <a 'sun/net/ConnectionResetException'{0x00000000ff86e740}: Connection reset> (0x00000000ff86e740) 
thrown [s\open\src\hotspot\share\prims\jni.cpp, line 539]
Event: 47.789 Thread 0x000001cc349c54e0 Exception <a 'java/lang/NoSuchMethodError'{0x00000000ff7d8300}: 'int java.lang.invoke.DirectMethodHandle$Holder.invokeVirtual(java.lang.Object, java.lang.Object)'> (0x00000000ff7d8300) 
thrown [s\open\src\hotspot\share\interpreter\linkResolver.cpp, line 774]
Event: 47.796 Thread 0x000001cc349c54e0 Exception <a 'java/io/IOException'{0x00000000ff7e2a10}: Connection reset by peer> (0x00000000ff7e2a10) 
thrown [s\open\src\hotspot\share\prims\jni.cpp, line 539]

ZGC Phase Switch (0 events):
No events

VM Operations (20 events):
Event: 25.890 Executing VM operation: Cleanup
Event: 25.890 Executing VM operation: Cleanup done
Event: 26.900 Executing VM operation: Cleanup
Event: 26.900 Executing VM operation: Cleanup done
Event: 32.974 Executing VM operation: Cleanup
Event: 32.974 Executing VM operation: Cleanup done
Event: 33.974 Executing VM operation: Cleanup
Event: 33.974 Executing VM operation: Cleanup done
Event: 38.034 Executing VM operation: Cleanup
Event: 38.034 Executing VM operation: Cleanup done
Event: 38.076 Executing VM operation: HandshakeAllThreads (Deoptimize)
Event: 38.076 Executing VM operation: HandshakeAllThreads (Deoptimize) done
Event: 39.075 Executing VM operation: Cleanup
Event: 39.075 Executing VM operation: Cleanup done
Event: 40.088 Executing VM operation: Cleanup
Event: 40.088 Executing VM operation: Cleanup done
Event: 42.107 Executing VM operation: Cleanup
Event: 42.107 Executing VM operation: Cleanup done
Event: 47.160 Executing VM operation: Cleanup
Event: 47.160 Executing VM operation: Cleanup done

Events (20 events):
Event: 0.029 Thread 0x000001cc4ef363d0 Thread added: 0x000001cc4ef363d0
Event: 0.029 Thread 0x000001cc4ef38e40 Thread added: 0x000001cc4ef38e40
Event: 0.030 Thread 0x000001cc4ef45660 Thread added: 0x000001cc4ef45660
Event: 0.030 Thread 0x000001cc4ef68140 Thread added: 0x000001cc4ef68140
Event: 0.039 Thread 0x000001cc94228800 Thread added: 0x000001cc94228800
Event: 0.041 Thread 0x000001cc9422fc80 Thread added: 0x000001cc9422fc80
Event: 0.247 Thread 0x000001cc94337200 Thread added: 0x000001cc94337200
Event: 0.611 Thread 0x000001cc950a0700 Thread added: 0x000001cc950a0700
Event: 0.901 Thread 0x000001cc94337200 Thread exited: 0x000001cc94337200
Event: 0.995 Thread 0x000001cc952f4860 Thread added: 0x000001cc952f4860
Event: 1.086 Thread 0x000001cc953f6e70 Thread added: 0x000001cc953f6e70
Event: 1.100 Thread 0x000001cc9534fb80 Thread added: 0x000001cc9534fb80
Event: 1.100 Thread 0x000001cc9534fb80 Thread exited: 0x000001cc9534fb80
Event: 1.101 Thread 0x000001cc9534fb80 Thread added: 0x000001cc9534fb80
Event: 1.822 Thread 0x000001cc952f4860 Thread exited: 0x000001cc952f4860
Event: 2.646 Thread 0x000001cc953f6e70 Thread exited: 0x000001cc953f6e70
Event: 2.646 Thread 0x000001cc9534fb80 Thread exited: 0x000001cc9534fb80
Event: 2.679 Thread 0x000001cc9521ea70 Thread added: 0x000001cc9521ea70
Event: 3.916 Thread 0x000001cc9521ea70 Thread exited: 0x000001cc9521ea70
Event: 47.805 Thread 0x000001cc349cec00 Thread added: 0x000001cc349cec00


Dynamic libraries:
0x00007ff6f4b70000 - 0x00007ff6f4b80000 	C:\Program Files\Java\jdk-22\bin\java.exe
0x00007ff969b30000 - 0x00007ff969d47000 	C:\WINDOWS\SYSTEM32\ntdll.dll
0x00007ff967ba0000 - 0x00007ff967c64000 	C:\WINDOWS\System32\KERNEL32.DLL
0x00007ff966db0000 - 0x00007ff967183000 	C:\WINDOWS\System32\KERNELBASE.dll
0x00007ff967190000 - 0x00007ff9672a1000 	C:\WINDOWS\System32\ucrtbase.dll
0x00007ff94bb30000 - 0x00007ff94bb47000 	C:\Program Files\Java\jdk-22\bin\jli.dll
0x00007ff94bb60000 - 0x00007ff94bb7b000 	C:\Program Files\Java\jdk-22\bin\VCRUNTIME140.dll
0x00007ff967ae0000 - 0x00007ff967b91000 	C:\WINDOWS\System32\ADVAPI32.dll
0x00007ff969a40000 - 0x00007ff969ae7000 	C:\WINDOWS\System32\msvcrt.dll
0x00007ff967c70000 - 0x00007ff967d17000 	C:\WINDOWS\System32\sechost.dll
0x00007ff966d80000 - 0x00007ff966da8000 	C:\WINDOWS\System32\bcrypt.dll
0x00007ff9694d0000 - 0x00007ff9695e4000 	C:\WINDOWS\System32\RPCRT4.dll
0x00007ff968140000 - 0x00007ff9682f1000 	C:\WINDOWS\System32\USER32.dll
0x00007ff966d50000 - 0x00007ff966d76000 	C:\WINDOWS\System32\win32u.dll
0x00007ff94f1d0000 - 0x00007ff94f46b000 	C:\WINDOWS\WinSxS\amd64_microsoft.windows.common-controls_6595b64144ccf1df_6.0.22621.5262_none_2712bde373830908\COMCTL32.dll
0x00007ff9679a0000 - 0x00007ff9679c9000 	C:\WINDOWS\System32\GDI32.dll
0x00007ff9676a0000 - 0x00007ff9677c2000 	C:\WINDOWS\System32\gdi32full.dll
0x00007ff966cb0000 - 0x00007ff966d4a000 	C:\WINDOWS\System32\msvcp_win.dll
0x00007ff961b80000 - 0x00007ff961b8a000 	C:\WINDOWS\SYSTEM32\VERSION.dll
0x00007ff9697b0000 - 0x00007ff9697e1000 	C:\WINDOWS\System32\IMM32.DLL
0x00007ff94bcc0000 - 0x00007ff94bccc000 	C:\Program Files\Java\jdk-22\bin\vcruntime140_1.dll
0x00007ff93c160000 - 0x00007ff93c1ee000 	C:\Program Files\Java\jdk-22\bin\msvcp140.dll
0x00007ff8c5470000 - 0x00007ff8c61b7000 	C:\Program Files\Java\jdk-22\bin\server\jvm.dll
0x00007ff9679f0000 - 0x00007ff967a61000 	C:\WINDOWS\System32\WS2_32.dll
0x00007ff966b00000 - 0x00007ff966b4d000 	C:\WINDOWS\SYSTEM32\POWRPROF.dll
0x00007ff961b40000 - 0x00007ff961b74000 	C:\WINDOWS\SYSTEM32\WINMM.dll
0x00007ff966ae0000 - 0x00007ff966af3000 	C:\WINDOWS\SYSTEM32\UMPDC.dll
0x00007ff965c30000 - 0x00007ff965c48000 	C:\WINDOWS\SYSTEM32\kernel.appcore.dll
0x00007ff945c00000 - 0x00007ff945c0a000 	C:\Program Files\Java\jdk-22\bin\jimage.dll
0x00007ff95de50000 - 0x00007ff95e082000 	C:\WINDOWS\SYSTEM32\DBGHELP.DLL
0x00007ff967d20000 - 0x00007ff9680b3000 	C:\WINDOWS\System32\combase.dll
0x00007ff968660000 - 0x00007ff968737000 	C:\WINDOWS\System32\OLEAUT32.dll
0x00007ff945e30000 - 0x00007ff945e62000 	C:\WINDOWS\SYSTEM32\dbgcore.DLL
0x00007ff966c30000 - 0x00007ff966cab000 	C:\WINDOWS\System32\bcryptPrimitives.dll
0x00007ff945be0000 - 0x00007ff945bfe000 	C:\Program Files\Java\jdk-22\bin\java.dll
0x00007ff968bc0000 - 0x00007ff96945d000 	C:\WINDOWS\System32\SHELL32.dll
0x00007ff967420000 - 0x00007ff96755f000 	C:\WINDOWS\System32\wintypes.dll
0x00007ff968300000 - 0x00007ff9684a1000 	C:\WINDOWS\System32\ole32.dll
0x00007ff964af0000 - 0x00007ff96540d000 	C:\WINDOWS\SYSTEM32\windows.storage.dll
0x00007ff969920000 - 0x00007ff969a2b000 	C:\WINDOWS\System32\SHCORE.dll
0x00007ff969460000 - 0x00007ff9694c6000 	C:\WINDOWS\System32\shlwapi.dll
0x00007ff966b60000 - 0x00007ff966b8b000 	C:\WINDOWS\SYSTEM32\profapi.dll
0x00007ff930970000 - 0x00007ff930a47000 	C:\Program Files\Java\jdk-22\bin\jsvml.dll
0x00007ff945b90000 - 0x00007ff945ba0000 	C:\Program Files\Java\jdk-22\bin\net.dll
0x00007ff9660a0000 - 0x00007ff96610a000 	C:\WINDOWS\system32\mswsock.dll
0x00007ff9457f0000 - 0x00007ff945806000 	C:\Program Files\Java\jdk-22\bin\nio.dll
0x00007ff945120000 - 0x00007ff945137000 	C:\Program Files\Java\jdk-22\bin\zip.dll
0x00007ff945110000 - 0x00007ff945120000 	C:\Program Files\Java\jdk-22\bin\verify.dll
0x00007ff944cd0000 - 0x00007ff944cda000 	C:\Program Files\Java\jdk-22\bin\management.dll
0x00007ff944cb0000 - 0x00007ff944cbb000 	C:\Program Files\Java\jdk-22\bin\management_ext.dll
0x00007ff9677d0000 - 0x00007ff9677d8000 	C:\WINDOWS\System32\PSAPI.DLL
0x00007ff8cdab0000 - 0x00007ff8cdad7000 	C:\Users\yashr\.gradle\native\c067742578af261105cb4f569cf0c3c89f3d7b1fecec35dd04571415982c5e48\windows-amd64\native-platform.dll
0x00007ff9604a0000 - 0x00007ff9604aa000 	C:\Users\yashr\.gradle\native\jansi\1.18\windows64\jansi.dll
0x00007ff9662d0000 - 0x00007ff9662eb000 	C:\WINDOWS\SYSTEM32\CRYPTSP.dll
0x00007ff965b90000 - 0x00007ff965bc7000 	C:\WINDOWS\system32\rsaenh.dll
0x00007ff966150000 - 0x00007ff966178000 	C:\WINDOWS\SYSTEM32\USERENV.dll
0x00007ff9662f0000 - 0x00007ff9662fc000 	C:\WINDOWS\SYSTEM32\CRYPTBASE.dll
0x00007ff965670000 - 0x00007ff96569d000 	C:\WINDOWS\SYSTEM32\IPHLPAPI.DLL
0x00007ff968110000 - 0x00007ff968119000 	C:\WINDOWS\System32\NSI.dll
0x00007ff943f10000 - 0x00007ff943f19000 	C:\Program Files\Java\jdk-22\bin\extnet.dll
0x00007ff94bd60000 - 0x00007ff94bd6e000 	C:\Program Files\Java\jdk-22\bin\sunmscapi.dll
0x00007ff9672b0000 - 0x00007ff967417000 	C:\WINDOWS\System32\CRYPT32.dll
0x00007ff966500000 - 0x00007ff96652d000 	C:\WINDOWS\SYSTEM32\ncrypt.dll
0x00007ff9664c0000 - 0x00007ff9664f7000 	C:\WINDOWS\SYSTEM32\NTASN1.dll
0x00007ff9074e0000 - 0x00007ff9074e8000 	C:\WINDOWS\system32\wshunix.dll

dbghelp: loaded successfully - version: 4.0.5 - missing functions: none
symbol engine: initialized successfully - sym options: 0x614 - pdb path: .;C:\Program Files\Java\jdk-22\bin;C:\WINDOWS\SYSTEM32;C:\WINDOWS\WinSxS\amd64_microsoft.windows.common-controls_6595b64144ccf1df_6.0.22621.5262_none_2712bde373830908;C:\Program Files\Java\jdk-22\bin\server;C:\Users\yashr\.gradle\native\c067742578af261105cb4f569cf0c3c89f3d7b1fecec35dd04571415982c5e48\windows-amd64;C:\Users\yashr\.gradle\native\jansi\1.18\windows64

VM Arguments:
jvm_args: -Xmx64m -Xms64m -Dorg.gradle.appname=gradlew 
java_command: org.gradle.wrapper.GradleWrapperMain clean build
java_class_path (initial): D:\Android Projects\DraggableCubeViewTestingApp2\\gradle\wrapper\gradle-wrapper.jar
Launcher Type: SUN_STANDARD

[Global flags]
     intx CICompilerCount                          = 4                                         {product} {ergonomic}
     uint ConcGCThreads                            = 3                                         {product} {ergonomic}
     uint G1ConcRefinementThreads                  = 10                                        {product} {ergonomic}
   size_t G1HeapRegionSize                         = 1048576                                   {product} {ergonomic}
   size_t InitialHeapSize                          = 67108864                                  {product} {command line}
   size_t MarkStackSize                            = 4194304                                   {product} {ergonomic}
   size_t MaxHeapSize                              = 67108864                                  {product} {command line}
   size_t MaxNewSize                               = 39845888                                  {product} {ergonomic}
   size_t MinHeapDeltaBytes                        = 1048576                                   {product} {ergonomic}
   size_t MinHeapSize                              = 67108864                                  {product} {command line}
    uintx NonNMethodCodeHeapSize                   = 5839372                                {pd product} {ergonomic}
    uintx NonProfiledCodeHeapSize                  = 122909434                              {pd product} {ergonomic}
    uintx ProfiledCodeHeapSize                     = 122909434                              {pd product} {ergonomic}
    uintx ReservedCodeCacheSize                    = 251658240                              {pd product} {ergonomic}
     bool SegmentedCodeCache                       = true                                      {product} {ergonomic}
   size_t SoftMaxHeapSize                          = 67108864                               {manageable} {ergonomic}
     bool UseCompressedOops                        = true                           {product lp64_product} {ergonomic}
     bool UseG1GC                                  = true                                      {product} {ergonomic}
     bool UseLargePagesIndividualAllocation        = false                                  {pd product} {ergonomic}

Logging:
Log output configuration:
 #0: stdout all=warning uptime,level,tags foldmultilines=false
 #1: stderr all=off uptime,level,tags foldmultilines=false

Environment Variables:
JAVA_HOME=C:\Program Files\Java\jdk-22
CLASSPATH=D:\Android Projects\DraggableCubeViewTestingApp2\\gradle\wrapper\gradle-wrapper.jar
PATH=C:\Program Files\Common Files\Oracle\Java\javapath;C:\windows\system32;C:\windows;C:\windows\System32\Wbem;C:\windows\System32\WindowsPowerShell\v1.0\;C:\windows\System32\OpenSSH\;C:\Program Files (x86)\NVIDIA Corporation\PhysX\Common;C:\Program Files\NVIDIA Corporation\NVIDIA NvDLISR;C:\WINDOWS\system32;C:\WINDOWS;C:\WINDOWS\System32\Wbem;C:\WINDOWS\System32\WindowsPowerShell\v1.0\;C:\WINDOWS\System32\OpenSSH\;C:\ProgramData\chocolatey\bin;C:\Users\yashr\Downloads\mongodb-windows-x86_64-7.0.5\mongodb-win32-x86_64-windows-7.0.5\bin;C:\Program Files\dotnet\;C:\Program Files (x86)\dotnet\;C:\Program Files\HP\HP One Agent;C:\Users\yashr\SQLite;C:\Program Files\Java\jdk-22;D:\Flutter\src\flutter\bin;C:\Program Files\Git\cmd;;d:\setups\cursor\resources\app\bin;C:\Users\yashr\anaconda3;C:\Users\yashr\anaconda3\Library\mingw-w64\bin;C:\Users\yashr\anaconda3\Library\usr\bin;C:\Users\yashr\anaconda3\Library\bin;C:\Users\yashr\anaconda3\Scripts;C:\Users\yashr\AppData\Local\Microsoft\WindowsApps;C:\Users\yashr\AppData\Local\Programs\Microsoft VS Code\bin;C:\Program Files\JetBrains\PyCharm Community Edition 2023.1.2\bin;;C:\Users\yashr\IntelliJ IDEA Community Edition 2023.1.4\bin;;C:\Users\yashr\Downloads\mongodb-windows-x86_64-7.0.5\mongodb-win32-x86_64-windows-7.0.5\bin;C:\Users\yashr\SQLite;C:\Program Files\Java\jdk-22;D:\Flutter\src\flutter\bin;C:\Users\yashr\.dotnet\tools;D:\setups\cursor\resources\app\bin
USERNAME=yashr
LANG=en_US.UTF-8
OS=Windows_NT
PROCESSOR_IDENTIFIER=AMD64 Family 25 Model 80 Stepping 0, AuthenticAMD
TMP=C:\Users\yashr\AppData\Local\Temp
TEMP=C:\Users\yashr\AppData\Local\Temp




Periodic native trim disabled

---------------  S Y S T E M  ---------------

OS:
 Windows 11 , 64 bit Build 22621 (10.0.22621.5262)
OS uptime: 0 days 18:19 hours
Hyper-V role detected

CPU: total 12 (initial active 12) (12 cores per cpu, 2 threads per core) family 25 model 80 stepping 0 microcode 0x0, cx8, cmov, fxsr, ht, mmx, 3dnowpref, sse, sse2, sse3, ssse3, sse4a, sse4.1, sse4.2, popcnt, lzcnt, tsc, tscinvbit, avx, avx2, aes, erms, clmul, bmi1, bmi2, adx, sha, fma, vzeroupper, clflush, clflushopt, hv, rdtscp, rdpid, fsrm, f16c, cet_ss
Processor Information for processor 0
  Max Mhz: 3301, Current Mhz: 2011, Mhz Limit: 3301
Processor Information for processor 1
  Max Mhz: 3301, Current Mhz: 2011, Mhz Limit: 3301
Processor Information for processor 2
  Max Mhz: 3301, Current Mhz: 3301, Mhz Limit: 3301
Processor Information for processor 3
  Max Mhz: 3301, Current Mhz: 2011, Mhz Limit: 3301
Processor Information for processor 4
  Max Mhz: 3301, Current Mhz: 3301, Mhz Limit: 3301
Processor Information for processor 5
  Max Mhz: 3301, Current Mhz: 3301, Mhz Limit: 3301
Processor Information for processor 6
  Max Mhz: 3301, Current Mhz: 3301, Mhz Limit: 3301
Processor Information for processor 7
  Max Mhz: 3301, Current Mhz: 3301, Mhz Limit: 3301
Processor Information for processor 8
  Max Mhz: 3301, Current Mhz: 3301, Mhz Limit: 3301
Processor Information for processor 9
  Max Mhz: 3301, Current Mhz: 2011, Mhz Limit: 3301
Processor Information for processor 10
  Max Mhz: 3301, Current Mhz: 3301, Mhz Limit: 3301
Processor Information for processor 11
  Max Mhz: 3301, Current Mhz: 3301, Mhz Limit: 3301

Memory: 4k page, system-wide physical 7521M (936M free)
TotalPageFile size 20334M (AvailPageFile size 10M)
current process WorkingSet (physical memory assigned to process): 49M, peak: 119M
current process commit charge ("private bytes"): 176M, peak: 182M

vm_info: Java HotSpot(TM) 64-Bit Server VM (22.0.1+8-16) for windows-amd64 JRE (22.0.1+8-16), built on 2024-03-12T10:33:16Z by "mach5one" with MS VC++ 17.6 (VS2022)

END.
