#
# There is insufficient memory for the Java Runtime Environment to continue.
# Native memory allocation (mmap) failed to map 12582912 bytes. Error detail: G1 virtual space
# Possible reasons:
#   The system is out of physical RAM or swap space
#   This process is running with CompressedOops enabled, and the Java Heap may be blocking the growth of the native heap
# Possible solutions:
#   Reduce memory load on the system
#   Increase physical memory or swap space
#   Check if swap backing store is full
#   Decrease Java heap size (-Xmx/-Xms)
#   Decrease number of Java threads
#   Decrease Java thread stack sizes (-Xss)
#   Set larger code cache with -XX:ReservedCodeCacheSize=
#   JVM is running with Unscaled Compressed Oops mode in which the Java heap is
#     placed in the first 4GB address space. The Java Heap base address is the
#     maximum limit for the native heap growth. Please use -XX:HeapBaseMinAddress
#     to set the Java Heap base and to place the Java Heap above 4GB virtual address.
# This output file may be truncated or incomplete.
#
#  Out of Memory Error (os_windows.cpp:3898), pid=10060, tid=12692
#
# JRE version: OpenJDK Runtime Environment (21.0.6) (build 21.0.6+-13368085-b895.109)
# Java VM: OpenJDK 64-Bit Server VM (21.0.6+-13368085-b895.109, mixed mode, tiered, compressed oops, compressed class ptrs, g1 gc, windows-amd64)
# No core dump will be written. Minidumps are not enabled by default on client versions of Windows
#

---------------  S U M M A R Y ------------

Command Line: org.jetbrains.kotlin.cli.jvm.K2JVMCompiler @D:\Android Projects\DraggableCubeViewTestingApp2\DraggableRotationalCubeLibrary\build\20250618_17155765561199984545.compiler.options

Host: AMD Ryzen 5 5600H with Radeon Graphics         , 12 cores, 7G,  Windows 11 , 64 bit Build 22621 (10.0.22621.5262)
Time: Wed Jun 18 14:12:45 2025 India Standard Time elapsed time: 5.715494 seconds (0d 0h 0m 5s)

---------------  T H R E A D  ---------------

Current thread (0x0000018b56e3e5f0):  VMThread "VM Thread"          [id=12692, stack(0x000000333f900000,0x000000333fa00000) (1024K)]

Stack: [0x000000333f900000,0x000000333fa00000]
Native frames: (J=compiled Java code, j=interpreted, Vv=VM code, C=native code)
V  [jvm.dll+0x6d0639]
V  [jvm.dll+0x85eb03]
V  [jvm.dll+0x86105e]
V  [jvm.dll+0x861743]
V  [jvm.dll+0x27e6e6]
V  [jvm.dll+0x6ccfd5]
V  [jvm.dll+0x6c0a8a]
V  [jvm.dll+0x35537b]
V  [jvm.dll+0x35cfd6]
V  [jvm.dll+0x3aef86]
V  [jvm.dll+0x3af258]
V  [jvm.dll+0x327a2c]
V  [jvm.dll+0x327ab7]
V  [jvm.dll+0x36d93c]
V  [jvm.dll+0x36c0ee]
V  [jvm.dll+0x327181]
V  [jvm.dll+0x36b7f0]
V  [jvm.dll+0x8674c8]
V  [jvm.dll+0x868844]
V  [jvm.dll+0x868d80]
V  [jvm.dll+0x869013]
V  [jvm.dll+0x806ed8]
V  [jvm.dll+0x6cef0d]
C  [ucrtbase.dll+0x29333]
C  [KERNEL32.DLL+0x1259d]
C  [ntdll.dll+0x5af58]

VM_Operation (0x000000333f2f8bf0): G1CollectForAllocation, mode: safepoint, requested by thread 0x0000018b3d372eb0


---------------  P R O C E S S  ---------------

Threads class SMR info:
_java_thread_list=0x0000018b5cb6c870, length=12, elements={
0x0000018b3d372eb0, 0x0000018b5b093740, 0x0000018b5b094860, 0x0000018b5b098880,
0x0000018b5b0992d0, 0x0000018b5b0967b0, 0x0000018b5b097740, 0x0000018b5b0b3c70,
0x0000018b5b0d4320, 0x0000018b5b256b30, 0x0000018b5b257350, 0x0000018b5d2894d0
}

Java Threads: ( => current thread )
  0x0000018b3d372eb0 JavaThread "main"                              [_thread_blocked, id=11100, stack(0x000000333f200000,0x000000333f300000) (1024K)]
  0x0000018b5b093740 JavaThread "Reference Handler"          daemon [_thread_blocked, id=9420, stack(0x000000333fa00000,0x000000333fb00000) (1024K)]
  0x0000018b5b094860 JavaThread "Finalizer"                  daemon [_thread_blocked, id=18316, stack(0x000000333fb00000,0x000000333fc00000) (1024K)]
  0x0000018b5b098880 JavaThread "Signal Dispatcher"          daemon [_thread_blocked, id=21044, stack(0x000000333fc00000,0x000000333fd00000) (1024K)]
  0x0000018b5b0992d0 JavaThread "Attach Listener"            daemon [_thread_blocked, id=15348, stack(0x000000333fd00000,0x000000333fe00000) (1024K)]
  0x0000018b5b0967b0 JavaThread "Service Thread"             daemon [_thread_blocked, id=6844, stack(0x000000333fe00000,0x000000333ff00000) (1024K)]
  0x0000018b5b097740 JavaThread "Monitor Deflation Thread"   daemon [_thread_blocked, id=15852, stack(0x000000333ff00000,0x0000003340000000) (1024K)]
  0x0000018b5b0b3c70 JavaThread "C2 CompilerThread0"         daemon [_thread_blocked, id=4704, stack(0x0000003340000000,0x0000003340100000) (1024K)]
  0x0000018b5b0d4320 JavaThread "C1 CompilerThread0"         daemon [_thread_blocked, id=17016, stack(0x0000003340100000,0x0000003340200000) (1024K)]
  0x0000018b5b256b30 JavaThread "Notification Thread"        daemon [_thread_blocked, id=12212, stack(0x0000003340200000,0x0000003340300000) (1024K)]
  0x0000018b5b257350 JavaThread "Common-Cleaner"             daemon [_thread_blocked, id=15400, stack(0x0000003340300000,0x0000003340400000) (1024K)]
  0x0000018b5d2894d0 JavaThread "C2 CompilerThread1"         daemon [_thread_blocked, id=5964, stack(0x0000003340f00000,0x0000003341000000) (1024K)]
Total: 12

Other Threads:
=>0x0000018b56e3e5f0 VMThread "VM Thread"                           [id=12692, stack(0x000000333f900000,0x000000333fa00000) (1024K)]
  0x0000018b56dd19f0 WatcherThread "VM Periodic Task Thread"        [id=11316, stack(0x000000333f800000,0x000000333f900000) (1024K)]
  0x0000018b3f67c9a0 WorkerThread "GC Thread#0"                     [id=13848, stack(0x000000333f300000,0x000000333f400000) (1024K)]
  0x0000018b5b9c2330 WorkerThread "GC Thread#1"                     [id=21664, stack(0x0000003340400000,0x0000003340500000) (1024K)]
  0x0000018b5b9c2ef0 WorkerThread "GC Thread#2"                     [id=6680, stack(0x0000003340500000,0x0000003340600000) (1024K)]
  0x0000018b5b9c3290 WorkerThread "GC Thread#3"                     [id=1900, stack(0x0000003340600000,0x0000003340700000) (1024K)]
  0x0000018b5b9c3a30 WorkerThread "GC Thread#4"                     [id=4304, stack(0x0000003340700000,0x0000003340800000) (1024K)]
  0x0000018b5ba3bec0 WorkerThread "GC Thread#5"                     [id=7096, stack(0x0000003340800000,0x0000003340900000) (1024K)]
  0x0000018b5bccac30 WorkerThread "GC Thread#6"                     [id=10800, stack(0x0000003340900000,0x0000003340a00000) (1024K)]
  0x0000018b5bcc9a10 WorkerThread "GC Thread#7"                     [id=10848, stack(0x0000003340a00000,0x0000003340b00000) (1024K)]
  0x0000018b5bccb370 WorkerThread "GC Thread#8"                     [id=11552, stack(0x0000003340d00000,0x0000003340e00000) (1024K)]
  0x0000018b5c38d380 WorkerThread "GC Thread#9"                     [id=16720, stack(0x0000003340e00000,0x0000003340f00000) (1024K)]
  0x0000018b3f6a8b60 ConcurrentGCThread "G1 Main Marker"            [id=20072, stack(0x000000333f400000,0x000000333f500000) (1024K)]
  0x0000018b3f6a9e00 WorkerThread "G1 Conc#0"                       [id=20412, stack(0x000000333f500000,0x000000333f600000) (1024K)]
  0x0000018b5bccafd0 WorkerThread "G1 Conc#1"                       [id=15976, stack(0x0000003340b00000,0x0000003340c00000) (1024K)]
  0x0000018b5bcca4f0 WorkerThread "G1 Conc#2"                       [id=20524, stack(0x0000003340c00000,0x0000003340d00000) (1024K)]
  0x0000018b56c9e1c0 ConcurrentGCThread "G1 Refine#0"               [id=5724, stack(0x000000333f600000,0x000000333f700000) (1024K)]
  0x0000018b56c9ec40 ConcurrentGCThread "G1 Service"                [id=21888, stack(0x000000333f700000,0x000000333f800000) (1024K)]
Total: 18

Threads with active compile tasks:
C2 CompilerThread0  5753 4363   !   4       jdk.internal.loader.Resource::getBytes (244 bytes)
C2 CompilerThread1  5753 4238   !   4       jdk.internal.loader.BuiltinClassLoader::findClassOnClassPathOrNull (64 bytes)
Total: 2

VM state: at safepoint (normal execution)

VM Mutex/Monitor currently owned by a thread:  ([mutex/lock_event])
[0x00007ff9088de3a0] Threads_lock - owner thread: 0x0000018b56e3e5f0
[0x00007ff9088de4a0] Heap_lock - owner thread: 0x0000018b3d372eb0

Heap address: 0x000000008a600000, size: 1882 MB, Compressed Oops mode: 32-bit

CDS archive(s) not mapped
Compressed class space mapped at: 0x0000000100000000-0x0000000140000000, reserved size: 1073741824
Narrow klass base: 0x0000000000000000, Narrow klass shift: 3, Narrow klass range: 0x140000000

GC Precious Log:
 CardTable entry size: 512
 Card Set container configuration: InlinePtr #cards 5 size 8 Array Of Cards #cards 12 size 40 Howl #buckets 4 coarsen threshold 1843 Howl Bitmap #cards 512 size 80 coarsen threshold 460 Card regions per heap region 1 cards per card region 2048
 CPUs: 12 total, 12 available
 Memory: 7521M
 Large Page Support: Disabled
 NUMA Support: Disabled
 Compressed Oops: Enabled (32-bit)
 Heap Region Size: 1M
 Heap Min Capacity: 8M
 Heap Initial Capacity: 118M
 Heap Max Capacity: 1882M
 Pre-touch: Disabled
 Parallel Workers: 10
 Concurrent Workers: 3
 Concurrent Refinement Workers: 10
 Periodic GC: Disabled

Heap:
 garbage-first heap   total 120832K, used 42751K [0x000000008a600000, 0x0000000100000000)
  region size 1024K, 2 young (2048K), 2 survivors (2048K)
 Metaspace       used 53651K, committed 53952K, reserved 1114112K
  class space    used 6088K, committed 6208K, reserved 1048576K

Heap Regions: E=young(eden), S=young(survivor), O=old, HS=humongous(starts), HC=humongous(continues), CS=collection set, F=free, TAMS=top-at-mark-start, PB=parsable bottom
|   0|0x000000008a600000, 0x000000008a700000, 0x000000008a700000|100%|HS|  |TAMS 0x000000008a600000| PB 0x000000008a600000| Complete 
|   1|0x000000008a700000, 0x000000008a800000, 0x000000008a800000|100%|HC|  |TAMS 0x000000008a700000| PB 0x000000008a700000| Complete 
|   2|0x000000008a800000, 0x000000008a900000, 0x000000008a900000|100%|HC|  |TAMS 0x000000008a800000| PB 0x000000008a800000| Complete 
|   3|0x000000008a900000, 0x000000008aa00000, 0x000000008aa00000|100%| O|  |TAMS 0x000000008a900000| PB 0x000000008a900000| Untracked 
|   4|0x000000008aa00000, 0x000000008ab00000, 0x000000008ab00000|100%| O|  |TAMS 0x000000008aa00000| PB 0x000000008aa00000| Untracked 
|   5|0x000000008ab00000, 0x000000008ac00000, 0x000000008ac00000|100%| O|  |TAMS 0x000000008ab00000| PB 0x000000008ab00000| Untracked 
|   6|0x000000008ac00000, 0x000000008ad00000, 0x000000008ad00000|100%| O|  |TAMS 0x000000008ac00000| PB 0x000000008ac00000| Untracked 
|   7|0x000000008ad00000, 0x000000008ae00000, 0x000000008ae00000|100%| O|  |TAMS 0x000000008ad00000| PB 0x000000008ad00000| Untracked 
|   8|0x000000008ae00000, 0x000000008af00000, 0x000000008af00000|100%| O|  |TAMS 0x000000008ae00000| PB 0x000000008ae00000| Untracked 
|   9|0x000000008af00000, 0x000000008b000000, 0x000000008b000000|100%| O|  |TAMS 0x000000008af00000| PB 0x000000008af00000| Untracked 
|  10|0x000000008b000000, 0x000000008b100000, 0x000000008b100000|100%| O|  |TAMS 0x000000008b000000| PB 0x000000008b000000| Untracked 
|  11|0x000000008b100000, 0x000000008b200000, 0x000000008b200000|100%| O|  |TAMS 0x000000008b100000| PB 0x000000008b100000| Untracked 
|  12|0x000000008b200000, 0x000000008b300000, 0x000000008b300000|100%| O|  |TAMS 0x000000008b200000| PB 0x000000008b200000| Untracked 
|  13|0x000000008b300000, 0x000000008b400000, 0x000000008b400000|100%| O|  |TAMS 0x000000008b300000| PB 0x000000008b300000| Untracked 
|  14|0x000000008b400000, 0x000000008b500000, 0x000000008b500000|100%| O|  |TAMS 0x000000008b400000| PB 0x000000008b400000| Untracked 
|  15|0x000000008b500000, 0x000000008b600000, 0x000000008b600000|100%| O|  |TAMS 0x000000008b500000| PB 0x000000008b500000| Untracked 
|  16|0x000000008b600000, 0x000000008b700000, 0x000000008b700000|100%| O|  |TAMS 0x000000008b600000| PB 0x000000008b600000| Untracked 
|  17|0x000000008b700000, 0x000000008b800000, 0x000000008b800000|100%| O|  |TAMS 0x000000008b700000| PB 0x000000008b700000| Untracked 
|  18|0x000000008b800000, 0x000000008b900000, 0x000000008b900000|100%| O|  |TAMS 0x000000008b800000| PB 0x000000008b800000| Untracked 
|  19|0x000000008b900000, 0x000000008ba00000, 0x000000008ba00000|100%| O|  |TAMS 0x000000008b900000| PB 0x000000008b900000| Untracked 
|  20|0x000000008ba00000, 0x000000008bb00000, 0x000000008bb00000|100%| O|  |TAMS 0x000000008ba00000| PB 0x000000008ba00000| Untracked 
|  21|0x000000008bb00000, 0x000000008bc00000, 0x000000008bc00000|100%| O|  |TAMS 0x000000008bb00000| PB 0x000000008bb00000| Untracked 
|  22|0x000000008bc00000, 0x000000008bd00000, 0x000000008bd00000|100%| O|  |TAMS 0x000000008bc00000| PB 0x000000008bc00000| Untracked 
|  23|0x000000008bd00000, 0x000000008be00000, 0x000000008be00000|100%| O|  |TAMS 0x000000008bd00000| PB 0x000000008bd00000| Untracked 
|  24|0x000000008be00000, 0x000000008bf00000, 0x000000008bf00000|100%|HS|  |TAMS 0x000000008be00000| PB 0x000000008be00000| Complete 
|  25|0x000000008bf00000, 0x000000008c000000, 0x000000008c000000|100%| O|  |TAMS 0x000000008bf00000| PB 0x000000008bf00000| Untracked 
|  26|0x000000008c000000, 0x000000008c100000, 0x000000008c100000|100%| O|  |TAMS 0x000000008c000000| PB 0x000000008c000000| Untracked 
|  27|0x000000008c100000, 0x000000008c200000, 0x000000008c200000|100%| O|  |TAMS 0x000000008c100000| PB 0x000000008c100000| Untracked 
|  28|0x000000008c200000, 0x000000008c300000, 0x000000008c300000|100%| O|  |TAMS 0x000000008c200000| PB 0x000000008c200000| Untracked 
|  29|0x000000008c300000, 0x000000008c400000, 0x000000008c400000|100%| O|  |TAMS 0x000000008c300000| PB 0x000000008c300000| Untracked 
|  30|0x000000008c400000, 0x000000008c400000, 0x000000008c500000|  0%| F|  |TAMS 0x000000008c400000| PB 0x000000008c400000| Untracked 
|  31|0x000000008c500000, 0x000000008c600000, 0x000000008c600000|100%| O|  |TAMS 0x000000008c500000| PB 0x000000008c500000| Untracked 
|  32|0x000000008c600000, 0x000000008c700000, 0x000000008c700000|100%| O|  |TAMS 0x000000008c600000| PB 0x000000008c600000| Untracked 
|  33|0x000000008c700000, 0x000000008c800000, 0x000000008c800000|100%| O|  |TAMS 0x000000008c700000| PB 0x000000008c700000| Untracked 
|  34|0x000000008c800000, 0x000000008c900000, 0x000000008c900000|100%| O|  |TAMS 0x000000008c800000| PB 0x000000008c800000| Untracked 
|  35|0x000000008c900000, 0x000000008ca00000, 0x000000008ca00000|100%| O|  |TAMS 0x000000008c900000| PB 0x000000008c900000| Untracked 
|  36|0x000000008ca00000, 0x000000008cb00000, 0x000000008cb00000|100%| O|  |TAMS 0x000000008ca00000| PB 0x000000008ca00000| Untracked 
|  37|0x000000008cb00000, 0x000000008cc00000, 0x000000008cc00000|100%| O|  |TAMS 0x000000008cb00000| PB 0x000000008cb00000| Untracked 
|  38|0x000000008cc00000, 0x000000008cd00000, 0x000000008cd00000|100%| O|  |TAMS 0x000000008cc00000| PB 0x000000008cc00000| Untracked 
|  39|0x000000008cd00000, 0x000000008ce00000, 0x000000008ce00000|100%| O|  |TAMS 0x000000008cd00000| PB 0x000000008cd00000| Untracked 
|  40|0x000000008ce00000, 0x000000008cebfc40, 0x000000008cf00000| 74%| O|  |TAMS 0x000000008ce00000| PB 0x000000008ce00000| Untracked 
|  41|0x000000008cf00000, 0x000000008cf00000, 0x000000008d000000|  0%| F|  |TAMS 0x000000008cf00000| PB 0x000000008cf00000| Untracked 
|  42|0x000000008d000000, 0x000000008d000000, 0x000000008d100000|  0%| F|  |TAMS 0x000000008d000000| PB 0x000000008d000000| Untracked 
|  43|0x000000008d100000, 0x000000008d100000, 0x000000008d200000|  0%| F|  |TAMS 0x000000008d100000| PB 0x000000008d100000| Untracked 
|  44|0x000000008d200000, 0x000000008d200000, 0x000000008d300000|  0%| F|  |TAMS 0x000000008d200000| PB 0x000000008d200000| Untracked 
|  45|0x000000008d300000, 0x000000008d300000, 0x000000008d400000|  0%| F|  |TAMS 0x000000008d300000| PB 0x000000008d300000| Untracked 
|  46|0x000000008d400000, 0x000000008d400000, 0x000000008d500000|  0%| F|  |TAMS 0x000000008d400000| PB 0x000000008d400000| Untracked 
|  47|0x000000008d500000, 0x000000008d500000, 0x000000008d600000|  0%| F|  |TAMS 0x000000008d500000| PB 0x000000008d500000| Untracked 
|  48|0x000000008d600000, 0x000000008d700000, 0x000000008d700000|100%| S|CS|TAMS 0x000000008d600000| PB 0x000000008d600000| Complete 
|  49|0x000000008d700000, 0x000000008d800000, 0x000000008d800000|100%| S|CS|TAMS 0x000000008d700000| PB 0x000000008d700000| Complete 
|  50|0x000000008d800000, 0x000000008d800000, 0x000000008d900000|  0%| F|  |TAMS 0x000000008d800000| PB 0x000000008d800000| Untracked 
|  51|0x000000008d900000, 0x000000008d900000, 0x000000008da00000|  0%| F|  |TAMS 0x000000008d900000| PB 0x000000008d900000| Untracked 
|  52|0x000000008da00000, 0x000000008da00000, 0x000000008db00000|  0%| F|  |TAMS 0x000000008da00000| PB 0x000000008da00000| Untracked 
|  53|0x000000008db00000, 0x000000008db00000, 0x000000008dc00000|  0%| F|  |TAMS 0x000000008db00000| PB 0x000000008db00000| Untracked 
|  54|0x000000008dc00000, 0x000000008dc00000, 0x000000008dd00000|  0%| F|  |TAMS 0x000000008dc00000| PB 0x000000008dc00000| Untracked 
|  55|0x000000008dd00000, 0x000000008dd00000, 0x000000008de00000|  0%| F|  |TAMS 0x000000008dd00000| PB 0x000000008dd00000| Untracked 
|  56|0x000000008de00000, 0x000000008de00000, 0x000000008df00000|  0%| F|  |TAMS 0x000000008de00000| PB 0x000000008de00000| Untracked 
|  57|0x000000008df00000, 0x000000008df00000, 0x000000008e000000|  0%| F|  |TAMS 0x000000008df00000| PB 0x000000008df00000| Untracked 
|  58|0x000000008e000000, 0x000000008e000000, 0x000000008e100000|  0%| F|  |TAMS 0x000000008e000000| PB 0x000000008e000000| Untracked 
|  59|0x000000008e100000, 0x000000008e100000, 0x000000008e200000|  0%| F|  |TAMS 0x000000008e100000| PB 0x000000008e100000| Untracked 
|  60|0x000000008e200000, 0x000000008e200000, 0x000000008e300000|  0%| F|  |TAMS 0x000000008e200000| PB 0x000000008e200000| Untracked 
|  61|0x000000008e300000, 0x000000008e300000, 0x000000008e400000|  0%| F|  |TAMS 0x000000008e300000| PB 0x000000008e300000| Untracked 
|  62|0x000000008e400000, 0x000000008e400000, 0x000000008e500000|  0%| F|  |TAMS 0x000000008e400000| PB 0x000000008e400000| Untracked 
|  63|0x000000008e500000, 0x000000008e500000, 0x000000008e600000|  0%| F|  |TAMS 0x000000008e500000| PB 0x000000008e500000| Untracked 
|  64|0x000000008e600000, 0x000000008e600000, 0x000000008e700000|  0%| F|  |TAMS 0x000000008e600000| PB 0x000000008e600000| Untracked 
|  65|0x000000008e700000, 0x000000008e700000, 0x000000008e800000|  0%| F|  |TAMS 0x000000008e700000| PB 0x000000008e700000| Untracked 
|  66|0x000000008e800000, 0x000000008e800000, 0x000000008e900000|  0%| F|  |TAMS 0x000000008e800000| PB 0x000000008e800000| Untracked 
|  67|0x000000008e900000, 0x000000008e900000, 0x000000008ea00000|  0%| F|  |TAMS 0x000000008e900000| PB 0x000000008e900000| Untracked 
|  68|0x000000008ea00000, 0x000000008ea00000, 0x000000008eb00000|  0%| F|  |TAMS 0x000000008ea00000| PB 0x000000008ea00000| Untracked 
|  69|0x000000008eb00000, 0x000000008eb00000, 0x000000008ec00000|  0%| F|  |TAMS 0x000000008eb00000| PB 0x000000008eb00000| Untracked 
|  70|0x000000008ec00000, 0x000000008ec00000, 0x000000008ed00000|  0%| F|  |TAMS 0x000000008ec00000| PB 0x000000008ec00000| Untracked 
|  71|0x000000008ed00000, 0x000000008ed00000, 0x000000008ee00000|  0%| F|  |TAMS 0x000000008ed00000| PB 0x000000008ed00000| Untracked 
|  72|0x000000008ee00000, 0x000000008ee00000, 0x000000008ef00000|  0%| F|  |TAMS 0x000000008ee00000| PB 0x000000008ee00000| Untracked 
|  73|0x000000008ef00000, 0x000000008ef00000, 0x000000008f000000|  0%| F|  |TAMS 0x000000008ef00000| PB 0x000000008ef00000| Untracked 
|  74|0x000000008f000000, 0x000000008f000000, 0x000000008f100000|  0%| F|  |TAMS 0x000000008f000000| PB 0x000000008f000000| Untracked 
|  75|0x000000008f100000, 0x000000008f100000, 0x000000008f200000|  0%| F|  |TAMS 0x000000008f100000| PB 0x000000008f100000| Untracked 
|  76|0x000000008f200000, 0x000000008f200000, 0x000000008f300000|  0%| F|  |TAMS 0x000000008f200000| PB 0x000000008f200000| Untracked 
|  77|0x000000008f300000, 0x000000008f300000, 0x000000008f400000|  0%| F|  |TAMS 0x000000008f300000| PB 0x000000008f300000| Untracked 
|  78|0x000000008f400000, 0x000000008f400000, 0x000000008f500000|  0%| F|  |TAMS 0x000000008f400000| PB 0x000000008f400000| Untracked 
|  79|0x000000008f500000, 0x000000008f500000, 0x000000008f600000|  0%| F|  |TAMS 0x000000008f500000| PB 0x000000008f500000| Untracked 
|  80|0x000000008f600000, 0x000000008f600000, 0x000000008f700000|  0%| F|  |TAMS 0x000000008f600000| PB 0x000000008f600000| Untracked 
|  81|0x000000008f700000, 0x000000008f700000, 0x000000008f800000|  0%| F|  |TAMS 0x000000008f700000| PB 0x000000008f700000| Untracked 
|  82|0x000000008f800000, 0x000000008f800000, 0x000000008f900000|  0%| F|  |TAMS 0x000000008f800000| PB 0x000000008f800000| Untracked 
|  83|0x000000008f900000, 0x000000008f900000, 0x000000008fa00000|  0%| F|  |TAMS 0x000000008f900000| PB 0x000000008f900000| Untracked 
|  84|0x000000008fa00000, 0x000000008fa00000, 0x000000008fb00000|  0%| F|  |TAMS 0x000000008fa00000| PB 0x000000008fa00000| Untracked 
|  85|0x000000008fb00000, 0x000000008fb00000, 0x000000008fc00000|  0%| F|  |TAMS 0x000000008fb00000| PB 0x000000008fb00000| Untracked 
|  86|0x000000008fc00000, 0x000000008fc00000, 0x000000008fd00000|  0%| F|  |TAMS 0x000000008fc00000| PB 0x000000008fc00000| Untracked 
|  87|0x000000008fd00000, 0x000000008fd00000, 0x000000008fe00000|  0%| F|  |TAMS 0x000000008fd00000| PB 0x000000008fd00000| Untracked 
|  88|0x000000008fe00000, 0x000000008fe00000, 0x000000008ff00000|  0%| F|  |TAMS 0x000000008fe00000| PB 0x000000008fe00000| Untracked 
|  89|0x000000008ff00000, 0x000000008ff00000, 0x0000000090000000|  0%| F|  |TAMS 0x000000008ff00000| PB 0x000000008ff00000| Untracked 
|  90|0x0000000090000000, 0x0000000090000000, 0x0000000090100000|  0%| F|  |TAMS 0x0000000090000000| PB 0x0000000090000000| Untracked 
|  91|0x0000000090100000, 0x0000000090100000, 0x0000000090200000|  0%| F|  |TAMS 0x0000000090100000| PB 0x0000000090100000| Untracked 
|  92|0x0000000090200000, 0x0000000090200000, 0x0000000090300000|  0%| F|  |TAMS 0x0000000090200000| PB 0x0000000090200000| Untracked 
|  93|0x0000000090300000, 0x0000000090300000, 0x0000000090400000|  0%| F|  |TAMS 0x0000000090300000| PB 0x0000000090300000| Untracked 
|  94|0x0000000090400000, 0x0000000090400000, 0x0000000090500000|  0%| F|  |TAMS 0x0000000090400000| PB 0x0000000090400000| Untracked 
|  95|0x0000000090500000, 0x0000000090500000, 0x0000000090600000|  0%| F|  |TAMS 0x0000000090500000| PB 0x0000000090500000| Untracked 
|  96|0x0000000090600000, 0x0000000090600000, 0x0000000090700000|  0%| F|  |TAMS 0x0000000090600000| PB 0x0000000090600000| Untracked 
|  97|0x0000000090700000, 0x0000000090700000, 0x0000000090800000|  0%| F|  |TAMS 0x0000000090700000| PB 0x0000000090700000| Untracked 
|  98|0x0000000090800000, 0x0000000090800000, 0x0000000090900000|  0%| F|  |TAMS 0x0000000090800000| PB 0x0000000090800000| Untracked 
|  99|0x0000000090900000, 0x0000000090900000, 0x0000000090a00000|  0%| F|  |TAMS 0x0000000090900000| PB 0x0000000090900000| Untracked 
| 100|0x0000000090a00000, 0x0000000090a00000, 0x0000000090b00000|  0%| F|  |TAMS 0x0000000090a00000| PB 0x0000000090a00000| Untracked 
| 101|0x0000000090b00000, 0x0000000090b00000, 0x0000000090c00000|  0%| F|  |TAMS 0x0000000090b00000| PB 0x0000000090b00000| Untracked 
| 102|0x0000000090c00000, 0x0000000090c00000, 0x0000000090d00000|  0%| F|  |TAMS 0x0000000090c00000| PB 0x0000000090c00000| Untracked 
| 103|0x0000000090d00000, 0x0000000090d00000, 0x0000000090e00000|  0%| F|  |TAMS 0x0000000090d00000| PB 0x0000000090d00000| Untracked 
| 104|0x0000000090e00000, 0x0000000090e00000, 0x0000000090f00000|  0%| F|  |TAMS 0x0000000090e00000| PB 0x0000000090e00000| Untracked 
| 105|0x0000000090f00000, 0x0000000090f00000, 0x0000000091000000|  0%| F|  |TAMS 0x0000000090f00000| PB 0x0000000090f00000| Untracked 
| 106|0x0000000091000000, 0x0000000091000000, 0x0000000091100000|  0%| F|  |TAMS 0x0000000091000000| PB 0x0000000091000000| Untracked 
| 107|0x0000000091100000, 0x0000000091100000, 0x0000000091200000|  0%| F|  |TAMS 0x0000000091100000| PB 0x0000000091100000| Untracked 
| 108|0x0000000091200000, 0x0000000091200000, 0x0000000091300000|  0%| F|  |TAMS 0x0000000091200000| PB 0x0000000091200000| Untracked 
| 109|0x0000000091300000, 0x0000000091300000, 0x0000000091400000|  0%| F|  |TAMS 0x0000000091300000| PB 0x0000000091300000| Untracked 
| 110|0x0000000091400000, 0x0000000091400000, 0x0000000091500000|  0%| F|  |TAMS 0x0000000091400000| PB 0x0000000091400000| Untracked 
| 111|0x0000000091500000, 0x0000000091500000, 0x0000000091600000|  0%| F|  |TAMS 0x0000000091500000| PB 0x0000000091500000| Untracked 
| 112|0x0000000091600000, 0x0000000091600000, 0x0000000091700000|  0%| F|  |TAMS 0x0000000091600000| PB 0x0000000091600000| Untracked 
| 113|0x0000000091700000, 0x0000000091700000, 0x0000000091800000|  0%| F|  |TAMS 0x0000000091700000| PB 0x0000000091700000| Untracked 
| 114|0x0000000091800000, 0x0000000091800000, 0x0000000091900000|  0%| F|  |TAMS 0x0000000091800000| PB 0x0000000091800000| Untracked 
| 115|0x0000000091900000, 0x0000000091900000, 0x0000000091a00000|  0%| F|  |TAMS 0x0000000091900000| PB 0x0000000091900000| Untracked 
| 116|0x0000000091a00000, 0x0000000091a00000, 0x0000000091b00000|  0%| F|  |TAMS 0x0000000091a00000| PB 0x0000000091a00000| Untracked 
| 117|0x0000000091b00000, 0x0000000091b00000, 0x0000000091c00000|  0%| F|  |TAMS 0x0000000091b00000| PB 0x0000000091b00000| Untracked 

Card table byte_map: [0x0000018b52080000,0x0000018b52430000] _byte_map_base: 0x0000018b51c2d000

Marking Bits: (CMBitMap*) 0x0000018b3f67d0a0
 Bits: [0x0000018b52430000, 0x0000018b54198000)

Polling page: 0x0000018b3d4c0000

Metaspace:

Usage:
  Non-class:     46.45 MB used.
      Class:      5.95 MB used.
       Both:     52.39 MB used.

Virtual space:
  Non-class space:       64.00 MB reserved,      46.62 MB ( 73%) committed,  1 nodes.
      Class space:        1.00 GB reserved,       6.06 MB ( <1%) committed,  1 nodes.
             Both:        1.06 GB reserved,      52.69 MB (  5%) committed. 

Chunk freelists:
   Non-Class:  1.09 MB
       Class:  9.89 MB
        Both:  10.98 MB

MaxMetaspaceSize: unlimited
CompressedClassSpaceSize: 1.00 GB
Initial GC threshold: 21.00 MB
Current GC threshold: 80.88 MB
CDS: off
 - commit_granule_bytes: 65536.
 - commit_granule_words: 8192.
 - virtual_space_node_default_size: 8388608.
 - enlarge_chunks_in_place: 1.
 - use_allocation_guard: 0.


Internal statistics:

num_allocs_failed_limit: 6.
num_arena_births: 252.
num_arena_deaths: 0.
num_vsnodes_births: 2.
num_vsnodes_deaths: 0.
num_space_committed: 841.
num_space_uncommitted: 0.
num_chunks_returned_to_freelist: 6.
num_chunks_taken_from_freelist: 1834.
num_chunk_merges: 6.
num_chunk_splits: 1515.
num_chunks_enlarged: 1368.
num_inconsistent_stats: 0.

CodeHeap 'non-profiled nmethods': size=120000Kb used=1879Kb max_used=1879Kb free=118120Kb
 bounds [0x0000018b4a250000, 0x0000018b4a4c0000, 0x0000018b51780000]
CodeHeap 'profiled nmethods': size=120000Kb used=8003Kb max_used=8003Kb free=111996Kb
 bounds [0x0000018b42780000, 0x0000018b42f60000, 0x0000018b49cb0000]
CodeHeap 'non-nmethods': size=5760Kb used=1630Kb max_used=1630Kb free=4129Kb
 bounds [0x0000018b49cb0000, 0x0000018b49f20000, 0x0000018b4a250000]
 total_blobs=4473 nmethods=3833 adapters=542
 compilation: enabled
              stopped_count=0, restarted_count=0
 full_count=0

Compilation events (20 events):
Event: 5.655 Thread 0x0000018b5b0d4320 4359       3       java.lang.Module::canRead (86 bytes)
Event: 5.657 Thread 0x0000018b5b0d4320 nmethod 4359 0x0000018b42f49f90 code [0x0000018b42f4a380, 0x0000018b42f4bd68]
Event: 5.657 Thread 0x0000018b5b0d4320 4360       3       java.lang.Module::isExported (18 bytes)
Event: 5.657 Thread 0x0000018b5b0d4320 nmethod 4360 0x0000018b42f4c410 code [0x0000018b42f4c600, 0x0000018b42f4c9e8]
Event: 5.658 Thread 0x0000018b5b0d4320 4362       3       java.lang.invoke.MethodHandleImpl$IntrinsicMethodHandle::<init> (25 bytes)
Event: 5.658 Thread 0x0000018b5b0d4320 nmethod 4362 0x0000018b42f4cb90 code [0x0000018b42f4cd80, 0x0000018b42f4d388]
Event: 5.663 Thread 0x0000018b5b0d4320 4364       3       java.lang.Enum::compareTo (44 bytes)
Event: 5.664 Thread 0x0000018b5b0d4320 nmethod 4364 0x0000018b42f4d510 code [0x0000018b42f4d700, 0x0000018b42f4dbc8]
Event: 5.670 Thread 0x0000018b5b0d4320 4365       3       java.util.Arrays$ArrayList::iterator (12 bytes)
Event: 5.670 Thread 0x0000018b5b0d4320 nmethod 4365 0x0000018b42f4de10 code [0x0000018b42f4dfc0, 0x0000018b42f4e240]
Event: 5.670 Thread 0x0000018b5b0d4320 4366       3       java.util.Arrays$ArrayItr::<init> (10 bytes)
Event: 5.670 Thread 0x0000018b5b0d4320 nmethod 4366 0x0000018b42f4e310 code [0x0000018b42f4e4c0, 0x0000018b42f4e678]
Event: 5.683 Thread 0x0000018b5b0d4320 4367       3       java.lang.invoke.SimpleMethodHandle::make (10 bytes)
Event: 5.683 Thread 0x0000018b5b0d4320 nmethod 4367 0x0000018b42f4e710 code [0x0000018b42f4e8c0, 0x0000018b42f4eaa8]
Event: 5.683 Thread 0x0000018b5b0d4320 4368       3       java.lang.invoke.SimpleMethodHandle::<init> (7 bytes)
Event: 5.683 Thread 0x0000018b5b0d4320 nmethod 4368 0x0000018b42f4eb90 code [0x0000018b42f4ed40, 0x0000018b42f4ef00]
Event: 5.689 Thread 0x0000018b5b0d4320 4369   !   3       org.jetbrains.kotlin.util.PerformanceCounter::time (218 bytes)
Event: 5.690 Thread 0x0000018b5b0b3c70 nmethod 4356 0x0000018b4a422890 code [0x0000018b4a422c00, 0x0000018b4a424c98]
Event: 5.690 Thread 0x0000018b5b0b3c70 4363   !   4       jdk.internal.loader.Resource::getBytes (244 bytes)
Event: 5.691 Thread 0x0000018b5b0d4320 nmethod 4369 0x0000018b42f4f010 code [0x0000018b42f4f3c0, 0x0000018b42f50ad0]

GC Heap History (20 events):
Event: 2.772 GC heap after
{Heap after GC invocations=7 (full 0):
 garbage-first heap   total 34816K, used 15391K [0x000000008a600000, 0x0000000100000000)
  region size 1024K, 2 young (2048K), 2 survivors (2048K)
 Metaspace       used 34939K, committed 35200K, reserved 1114112K
  class space    used 4209K, committed 4288K, reserved 1048576K
}
Event: 2.827 GC heap before
{Heap before GC invocations=7 (full 0):
 garbage-first heap   total 34816K, used 18463K [0x000000008a600000, 0x0000000100000000)
  region size 1024K, 7 young (7168K), 2 survivors (2048K)
 Metaspace       used 35765K, committed 35968K, reserved 1114112K
  class space    used 4282K, committed 4352K, reserved 1048576K
}
Event: 2.831 GC heap after
{Heap after GC invocations=8 (full 0):
 garbage-first heap   total 41984K, used 15746K [0x000000008a600000, 0x0000000100000000)
  region size 1024K, 1 young (1024K), 1 survivors (1024K)
 Metaspace       used 35765K, committed 35968K, reserved 1114112K
  class space    used 4282K, committed 4352K, reserved 1048576K
}
Event: 3.224 GC heap before
{Heap before GC invocations=9 (full 0):
 garbage-first heap   total 41984K, used 32130K [0x000000008a600000, 0x0000000100000000)
  region size 1024K, 18 young (18432K), 1 survivors (1024K)
 Metaspace       used 40602K, committed 40832K, reserved 1114112K
  class space    used 4778K, committed 4864K, reserved 1048576K
}
Event: 3.228 GC heap after
{Heap after GC invocations=10 (full 0):
 garbage-first heap   total 41984K, used 16402K [0x000000008a600000, 0x0000000100000000)
  region size 1024K, 1 young (1024K), 1 survivors (1024K)
 Metaspace       used 40602K, committed 40832K, reserved 1114112K
  class space    used 4778K, committed 4864K, reserved 1048576K
}
Event: 3.830 GC heap before
{Heap before GC invocations=10 (full 0):
 garbage-first heap   total 41984K, used 34834K [0x000000008a600000, 0x0000000100000000)
  region size 1024K, 19 young (19456K), 1 survivors (1024K)
 Metaspace       used 43666K, committed 43968K, reserved 1114112K
  class space    used 5019K, committed 5184K, reserved 1048576K
}
Event: 3.840 GC heap after
{Heap after GC invocations=11 (full 0):
 garbage-first heap   total 41984K, used 19700K [0x000000008a600000, 0x0000000100000000)
  region size 1024K, 3 young (3072K), 3 survivors (3072K)
 Metaspace       used 43666K, committed 43968K, reserved 1114112K
  class space    used 5019K, committed 5184K, reserved 1048576K
}
Event: 4.211 GC heap before
{Heap before GC invocations=11 (full 0):
 garbage-first heap   total 41984K, used 34036K [0x000000008a600000, 0x0000000100000000)
  region size 1024K, 18 young (18432K), 3 survivors (3072K)
 Metaspace       used 47073K, committed 47360K, reserved 1114112K
  class space    used 5375K, committed 5504K, reserved 1048576K
}
Event: 4.221 GC heap after
{Heap after GC invocations=12 (full 0):
 garbage-first heap   total 41984K, used 21360K [0x000000008a600000, 0x0000000100000000)
  region size 1024K, 2 young (2048K), 2 survivors (2048K)
 Metaspace       used 47073K, committed 47360K, reserved 1114112K
  class space    used 5375K, committed 5504K, reserved 1048576K
}
Event: 4.537 GC heap before
{Heap before GC invocations=12 (full 0):
 garbage-first heap   total 41984K, used 34672K [0x000000008a600000, 0x0000000100000000)
  region size 1024K, 16 young (16384K), 2 survivors (2048K)
 Metaspace       used 48758K, committed 49088K, reserved 1114112K
  class space    used 5550K, committed 5696K, reserved 1048576K
}
Event: 4.551 GC heap after
{Heap after GC invocations=13 (full 0):
 garbage-first heap   total 51200K, used 25276K [0x000000008a600000, 0x0000000100000000)
  region size 1024K, 2 young (2048K), 2 survivors (2048K)
 Metaspace       used 48758K, committed 49088K, reserved 1114112K
  class space    used 5550K, committed 5696K, reserved 1048576K
}
Event: 4.741 GC heap before
{Heap before GC invocations=14 (full 0):
 garbage-first heap   total 51200K, used 42684K [0x000000008a600000, 0x0000000100000000)
  region size 1024K, 18 young (18432K), 2 survivors (2048K)
 Metaspace       used 48924K, committed 49280K, reserved 1114112K
  class space    used 5575K, committed 5760K, reserved 1048576K
}
Event: 4.756 GC heap after
{Heap after GC invocations=15 (full 0):
 garbage-first heap   total 51200K, used 32768K [0x000000008a600000, 0x0000000100000000)
  region size 1024K, 3 young (3072K), 3 survivors (3072K)
 Metaspace       used 48924K, committed 49280K, reserved 1114112K
  class space    used 5575K, committed 5760K, reserved 1048576K
}
Event: 4.799 GC heap before
{Heap before GC invocations=15 (full 0):
 garbage-first heap   total 51200K, used 43008K [0x000000008a600000, 0x0000000100000000)
  region size 1024K, 13 young (13312K), 3 survivors (3072K)
 Metaspace       used 48998K, committed 49344K, reserved 1114112K
  class space    used 5575K, committed 5760K, reserved 1048576K
}
Event: 4.809 GC heap after
{Heap after GC invocations=16 (full 0):
 garbage-first heap   total 51200K, used 36352K [0x000000008a600000, 0x0000000100000000)
  region size 1024K, 2 young (2048K), 2 survivors (2048K)
 Metaspace       used 48998K, committed 49344K, reserved 1114112K
  class space    used 5575K, committed 5760K, reserved 1048576K
}
Event: 4.871 GC heap before
{Heap before GC invocations=16 (full 0):
 garbage-first heap   total 51200K, used 43520K [0x000000008a600000, 0x0000000100000000)
  region size 1024K, 9 young (9216K), 2 survivors (2048K)
 Metaspace       used 49153K, committed 49472K, reserved 1114112K
  class space    used 5588K, committed 5760K, reserved 1048576K
}
Event: 4.877 GC heap after
{Heap after GC invocations=17 (full 0):
 garbage-first heap   total 51200K, used 39486K [0x000000008a600000, 0x0000000100000000)
  region size 1024K, 2 young (2048K), 2 survivors (2048K)
 Metaspace       used 49153K, committed 49472K, reserved 1114112K
  class space    used 5588K, committed 5760K, reserved 1048576K
}
Event: 5.034 GC heap before
{Heap before GC invocations=18 (full 0):
 garbage-first heap   total 66560K, used 44606K [0x000000008a600000, 0x0000000100000000)
  region size 1024K, 7 young (7168K), 2 survivors (2048K)
 Metaspace       used 49566K, committed 49856K, reserved 1114112K
  class space    used 5614K, committed 5760K, reserved 1048576K
}
Event: 5.040 GC heap after
{Heap after GC invocations=19 (full 0):
 garbage-first heap   total 66560K, used 41472K [0x000000008a600000, 0x0000000100000000)
  region size 1024K, 1 young (1024K), 1 survivors (1024K)
 Metaspace       used 49566K, committed 49856K, reserved 1114112K
  class space    used 5614K, committed 5760K, reserved 1048576K
}
Event: 5.702 GC heap before
{Heap before GC invocations=19 (full 0):
 garbage-first heap   total 66560K, used 54784K [0x000000008a600000, 0x0000000100000000)
  region size 1024K, 15 young (15360K), 1 survivors (1024K)
 Metaspace       used 53651K, committed 53952K, reserved 1114112K
  class space    used 6088K, committed 6208K, reserved 1048576K
}

Dll operation events (3 events):
Event: 0.006 Loaded shared library D:\setup\Android studio\jbr\bin\java.dll
Event: 0.011 Loaded shared library D:\setup\Android studio\jbr\bin\zip.dll
Event: 1.762 Loaded shared library D:\setup\Android studio\jbr\bin\verify.dll

Deoptimization events (20 events):
Event: 5.535 Thread 0x0000018b3d372eb0 Uncommon trap: trap_request=0xffffffc6 fr.pc=0x0000018b4a391380 relative=0x00000000000001c0
Event: 5.535 Thread 0x0000018b3d372eb0 Uncommon trap: reason=bimorphic_or_optimized_type_check action=maybe_recompile pc=0x0000018b4a391380 method=java.lang.Character.codePointAt(Ljava/lang/CharSequence;I)I @ 2 c2
Event: 5.535 Thread 0x0000018b3d372eb0 DEOPT PACKING pc=0x0000018b4a391380 sp=0x000000333f2fb2b0
Event: 5.535 Thread 0x0000018b3d372eb0 DEOPT UNPACKING pc=0x0000018b49d046a2 sp=0x000000333f2fb238 mode 2
Event: 5.535 Thread 0x0000018b3d372eb0 Uncommon trap: trap_request=0xffffffc6 fr.pc=0x0000018b4a391380 relative=0x00000000000001c0
Event: 5.535 Thread 0x0000018b3d372eb0 Uncommon trap: reason=bimorphic_or_optimized_type_check action=maybe_recompile pc=0x0000018b4a391380 method=java.lang.Character.codePointAt(Ljava/lang/CharSequence;I)I @ 2 c2
Event: 5.535 Thread 0x0000018b3d372eb0 DEOPT PACKING pc=0x0000018b4a391380 sp=0x000000333f2fb2b0
Event: 5.535 Thread 0x0000018b3d372eb0 DEOPT UNPACKING pc=0x0000018b49d046a2 sp=0x000000333f2fb238 mode 2
Event: 5.535 Thread 0x0000018b3d372eb0 Uncommon trap: trap_request=0xffffffc6 fr.pc=0x0000018b4a391380 relative=0x00000000000001c0
Event: 5.535 Thread 0x0000018b3d372eb0 Uncommon trap: reason=bimorphic_or_optimized_type_check action=maybe_recompile pc=0x0000018b4a391380 method=java.lang.Character.codePointAt(Ljava/lang/CharSequence;I)I @ 2 c2
Event: 5.535 Thread 0x0000018b3d372eb0 DEOPT PACKING pc=0x0000018b4a391380 sp=0x000000333f2fb2b0
Event: 5.535 Thread 0x0000018b3d372eb0 DEOPT UNPACKING pc=0x0000018b49d046a2 sp=0x000000333f2fb238 mode 2
Event: 5.535 Thread 0x0000018b3d372eb0 Uncommon trap: trap_request=0xffffffc6 fr.pc=0x0000018b4a391380 relative=0x00000000000001c0
Event: 5.535 Thread 0x0000018b3d372eb0 Uncommon trap: reason=bimorphic_or_optimized_type_check action=maybe_recompile pc=0x0000018b4a391380 method=java.lang.Character.codePointAt(Ljava/lang/CharSequence;I)I @ 2 c2
Event: 5.535 Thread 0x0000018b3d372eb0 DEOPT PACKING pc=0x0000018b4a391380 sp=0x000000333f2fb2b0
Event: 5.535 Thread 0x0000018b3d372eb0 DEOPT UNPACKING pc=0x0000018b49d046a2 sp=0x000000333f2fb238 mode 2
Event: 5.568 Thread 0x0000018b3d372eb0 Uncommon trap: trap_request=0xffffffde fr.pc=0x0000018b4a324a2c relative=0x00000000000005ac
Event: 5.568 Thread 0x0000018b3d372eb0 Uncommon trap: reason=class_check action=maybe_recompile pc=0x0000018b4a324a2c method=org.jetbrains.kotlin.com.intellij.lang.impl.PsiBuilderImpl.skipWhitespace()V @ 72 c2
Event: 5.568 Thread 0x0000018b3d372eb0 DEOPT PACKING pc=0x0000018b4a324a2c sp=0x000000333f2fb670
Event: 5.568 Thread 0x0000018b3d372eb0 DEOPT UNPACKING pc=0x0000018b49d046a2 sp=0x000000333f2fb670 mode 2

Classes loaded (20 events):
Event: 5.521 Loading class java/util/stream/Nodes$EmptyNode$OfLong
Event: 5.521 Loading class java/util/stream/Node$OfLong
Event: 5.521 Loading class java/util/stream/Node$OfLong done
Event: 5.521 Loading class java/util/stream/Nodes$EmptyNode$OfLong done
Event: 5.521 Loading class java/util/stream/Nodes$EmptyNode$OfDouble
Event: 5.521 Loading class java/util/stream/Node$OfDouble
Event: 5.521 Loading class java/util/stream/Node$OfDouble done
Event: 5.521 Loading class java/util/stream/Nodes$EmptyNode$OfDouble done
Event: 5.521 Loading class java/util/stream/Nodes$FixedNodeBuilder
Event: 5.521 Loading class java/util/stream/Node$Builder
Event: 5.521 Loading class java/util/stream/Node$Builder done
Event: 5.521 Loading class java/util/stream/Nodes$ArrayNode
Event: 5.521 Loading class java/util/stream/Nodes$ArrayNode done
Event: 5.521 Loading class java/util/stream/Nodes$FixedNodeBuilder done
Event: 5.521 Loading class java/util/stream/ReferencePipeline$3$1
Event: 5.521 Loading class java/util/stream/Sink$ChainedReference
Event: 5.521 Loading class java/util/stream/Sink$ChainedReference done
Event: 5.521 Loading class java/util/stream/ReferencePipeline$3$1 done
Event: 5.666 Loading class java/util/ComparableTimSort
Event: 5.666 Loading class java/util/ComparableTimSort done

Classes unloaded (0 events):
No events

Classes redefined (0 events):
No events

Internal exceptions (20 events):
Event: 1.065 Thread 0x0000018b3d372eb0 Exception <a 'java/lang/NoSuchMethodError'{0x0000000090bc1828}: 'int java.lang.invoke.DirectMethodHandle$Holder.invokeStaticInit(java.lang.Object)'> (0x0000000090bc1828) 
thrown [s\src\hotspot\share\interpreter\linkResolver.cpp, line 784]
Event: 1.195 Thread 0x0000018b3d372eb0 Exception <a 'java/lang/NoSuchMethodError'{0x0000000091b07b68}: 'void java.lang.invoke.DirectMethodHandle$Holder.invokeStatic(java.lang.Object, java.lang.Object, java.lang.Object, java.lang.Object)'> (0x0000000091b07b68) 
thrown [s\src\hotspot\share\interpreter\linkResolver.cpp, line 784]
Event: 1.225 Thread 0x0000018b3d372eb0 Exception <a 'java/lang/NoSuchMethodError'{0x000000008bd9ac28}: 'java.lang.Object java.lang.invoke.DirectMethodHandle$Holder.invokeInterface(java.lang.Object, java.lang.Object)'> (0x000000008bd9ac28) 
thrown [s\src\hotspot\share\interpreter\linkResolver.cpp, line 784]
Event: 1.265 Thread 0x0000018b3d372eb0 Exception <a 'java/lang/NoSuchMethodError'{0x000000008ba05130}: 'void java.lang.invoke.DirectMethodHandle$Holder.invokeStaticInit(java.lang.Object, java.lang.Object)'> (0x000000008ba05130) 
thrown [s\src\hotspot\share\interpreter\linkResolver.cpp, line 784]
Event: 1.297 Thread 0x0000018b3d372eb0 Exception <a 'java/lang/NoSuchMethodError'{0x000000008b81fc18}: 'int java.lang.invoke.DirectMethodHandle$Holder.invokeVirtual(java.lang.Object, java.lang.Object, java.lang.Object)'> (0x000000008b81fc18) 
thrown [s\src\hotspot\share\interpreter\linkResolver.cpp, line 784]
Event: 1.329 Thread 0x0000018b3d372eb0 Exception <a 'java/lang/NoSuchMethodError'{0x000000008b7f9c20}: 'void java.lang.invoke.Invokers$Holder.invokeExact_MT(java.lang.Object, int, java.lang.Object)'> (0x000000008b7f9c20) 
thrown [s\src\hotspot\share\interpreter\linkResolver.cpp, line 784]
Event: 1.356 Thread 0x0000018b3d372eb0 Exception <a 'java/lang/NoSuchMethodError'{0x000000008b54e810}: 'void java.lang.invoke.DirectMethodHandle$Holder.invokeVirtual(java.lang.Object, java.lang.Object)'> (0x000000008b54e810) 
thrown [s\src\hotspot\share\interpreter\linkResolver.cpp, line 784]
Event: 1.372 Thread 0x0000018b3d372eb0 Exception <a 'java/lang/NoSuchMethodError'{0x000000008b5c9e88}: 'long java.lang.invoke.DirectMethodHandle$Holder.invokeStatic(java.lang.Object, java.lang.Object, int)'> (0x000000008b5c9e88) 
thrown [s\src\hotspot\share\interpreter\linkResolver.cpp, line 784]
Event: 1.373 Thread 0x0000018b3d372eb0 Exception <a 'java/lang/NoSuchMethodError'{0x000000008b5d4e70}: 'java.lang.Object java.lang.invoke.DelegatingMethodHandle$Holder.reinvoke_L(java.lang.Object, int, long, java.lang.Object, java.lang.Object, int, java.lang.Object)'> (0x000000008b5d4e70) 
thrown [s\src\hotspot\share\interpreter\linkResolver.cpp, line 784]
Event: 1.379 Thread 0x0000018b3d372eb0 Exception <a 'java/lang/NoSuchMethodError'{0x000000008b5fc3f8}: 'java.lang.Object java.lang.invoke.DirectMethodHandle$Holder.invokeStatic(java.lang.Object, java.lang.Object, int)'> (0x000000008b5fc3f8) 
thrown [s\src\hotspot\share\interpreter\linkResolver.cpp, line 784]
Event: 1.381 Thread 0x0000018b3d372eb0 Exception <a 'java/lang/NoSuchMethodError'{0x000000008b407c98}: 'void java.lang.invoke.DelegatingMethodHandle$Holder.delegate(java.lang.Object, java.lang.Object, int, java.lang.Object)'> (0x000000008b407c98) 
thrown [s\src\hotspot\share\interpreter\linkResolver.cpp, line 784]
Event: 1.794 Thread 0x0000018b3d372eb0 Exception <a 'java/lang/NoSuchMethodError'{0x000000008bd2f488}: 'java.lang.Object java.lang.invoke.DirectMethodHandle$Holder.invokeStatic(java.lang.Object, java.lang.Object, int, java.lang.Object)'> (0x000000008bd2f488) 
thrown [s\src\hotspot\share\interpreter\linkResolver.cpp, line 784]
Event: 1.996 Thread 0x0000018b3d372eb0 Exception <a 'java/lang/NoSuchMethodError'{0x000000008b79a060}: 'java.lang.Object java.lang.invoke.DirectMethodHandle$Holder.newInvokeSpecial(java.lang.Object, java.lang.Object, java.lang.Object, java.lang.Object, java.lang.Object, java.lang.Object)'> (0x000000008b79a060) 
thrown [s\src\hotspot\share\interpreter\linkResolver.cpp, line 784]
Event: 2.650 Thread 0x0000018b3d372eb0 Exception <a 'java/lang/NoSuchMethodError'{0x000000008be181f0}: 'java.lang.Object java.lang.invoke.DirectMethodHandle$Holder.newInvokeSpecial(java.lang.Object, java.lang.Object, java.lang.Object, java.lang.Object, java.lang.Object, java.lang.Object, java.lang.Object)'> (0x000000008be181f0) 
thrown [s\src\hotspot\share\interpreter\linkResolver.cpp, line 784]
Event: 2.958 Thread 0x0000018b3d372eb0 Exception <a 'java/lang/NoSuchMethodError'{0x000000008c7a4da0}: 'java.lang.Object java.lang.invoke.DirectMethodHandle$Holder.invokeVirtual(java.lang.Object, java.lang.Object, java.lang.Object)'> (0x000000008c7a4da0) 
thrown [s\src\hotspot\share\interpreter\linkResolver.cpp, line 784]
Event: 3.001 Thread 0x0000018b3d372eb0 Exception <a 'java/lang/NoSuchMethodError'{0x000000008c51e388}: 'java.lang.Object java.lang.invoke.DirectMethodHandle$Holder.newInvokeSpecial(java.lang.Object, java.lang.Object, int)'> (0x000000008c51e388) 
thrown [s\src\hotspot\share\interpreter\linkResolver.cpp, line 784]
Event: 3.161 Thread 0x0000018b3d372eb0 Exception <a 'java/lang/NoSuchMethodError'{0x000000008bf62488}: 'int java.lang.invoke.DirectMethodHandle$Holder.invokeStaticInit(java.lang.Object, int)'> (0x000000008bf62488) 
thrown [s\src\hotspot\share\interpreter\linkResolver.cpp, line 784]
Event: 4.094 Thread 0x0000018b3d372eb0 Exception <a 'java/lang/NoSuchMethodError'{0x000000008c5f0500}: 'java.lang.Object java.lang.invoke.DirectMethodHandle$Holder.newInvokeSpecial(java.lang.Object, java.lang.Object, java.lang.Object, int, java.lang.Object)'> (0x000000008c5f0500) 
thrown [s\src\hotspot\share\interpreter\linkResolver.cpp, line 784]
Event: 4.629 Thread 0x0000018b3d372eb0 Implicit null exception at 0x0000018b4a290969 to 0x0000018b4a2910f0
Event: 5.144 Thread 0x0000018b3d372eb0 Exception <a 'java/lang/NoSuchMethodError'{0x000000008e2b8b10}: 'java.lang.Object java.lang.invoke.Invokers$Holder.invokeExact_MT(java.lang.Object, java.lang.Object, java.lang.Object, java.lang.Object, java.lang.Object, java.lang.Object)'> (0x000000008e2b8b10) 
thrown [s\src\hotspot\share\interpreter\linkResolver.cpp, line 784]

ZGC Phase Switch (0 events):
No events

VM Operations (20 events):
Event: 5.040 Executing VM operation: G1CollectForAllocation (G1 Evacuation Pause) done
Event: 5.071 Executing VM operation: HandshakeAllThreads (Deoptimize)
Event: 5.071 Executing VM operation: HandshakeAllThreads (Deoptimize) done
Event: 5.074 Executing VM operation: HandshakeAllThreads (Deoptimize)
Event: 5.074 Executing VM operation: HandshakeAllThreads (Deoptimize) done
Event: 5.103 Executing VM operation: HandshakeAllThreads (Deoptimize)
Event: 5.103 Executing VM operation: HandshakeAllThreads (Deoptimize) done
Event: 5.142 Executing VM operation: HandshakeAllThreads (Deoptimize)
Event: 5.142 Executing VM operation: HandshakeAllThreads (Deoptimize) done
Event: 5.183 Executing VM operation: HandshakeAllThreads (Deoptimize)
Event: 5.183 Executing VM operation: HandshakeAllThreads (Deoptimize) done
Event: 5.637 Executing VM operation: HandshakeAllThreads (Deoptimize)
Event: 5.637 Executing VM operation: HandshakeAllThreads (Deoptimize) done
Event: 5.649 Executing VM operation: HandshakeAllThreads (Deoptimize)
Event: 5.649 Executing VM operation: HandshakeAllThreads (Deoptimize) done
Event: 5.661 Executing VM operation: HandshakeAllThreads (Deoptimize)
Event: 5.661 Executing VM operation: HandshakeAllThreads (Deoptimize) done
Event: 5.665 Executing VM operation: HandshakeAllThreads (Deoptimize)
Event: 5.665 Executing VM operation: HandshakeAllThreads (Deoptimize) done
Event: 5.702 Executing VM operation: G1CollectForAllocation (G1 Evacuation Pause)

Memory protections (0 events):
No events

Nmethod flushes (20 events):
Event: 4.905 Thread 0x0000018b56e3e5f0 flushing  nmethod 0x0000018b42baab90
Event: 4.905 Thread 0x0000018b56e3e5f0 flushing  nmethod 0x0000018b42bab290
Event: 4.905 Thread 0x0000018b56e3e5f0 flushing  nmethod 0x0000018b42bac610
Event: 4.905 Thread 0x0000018b56e3e5f0 flushing  nmethod 0x0000018b42bc4390
Event: 4.905 Thread 0x0000018b56e3e5f0 flushing  nmethod 0x0000018b42bd1610
Event: 4.905 Thread 0x0000018b56e3e5f0 flushing  nmethod 0x0000018b42bd1f90
Event: 4.905 Thread 0x0000018b56e3e5f0 flushing osr nmethod 0x0000018b42bfdc90
Event: 4.905 Thread 0x0000018b56e3e5f0 flushing  nmethod 0x0000018b42c2df90
Event: 4.905 Thread 0x0000018b56e3e5f0 flushing  nmethod 0x0000018b42c5b810
Event: 4.905 Thread 0x0000018b56e3e5f0 flushing  nmethod 0x0000018b42c71b90
Event: 4.905 Thread 0x0000018b56e3e5f0 flushing  nmethod 0x0000018b42c95d10
Event: 4.905 Thread 0x0000018b56e3e5f0 flushing  nmethod 0x0000018b42ca2610
Event: 4.905 Thread 0x0000018b56e3e5f0 flushing  nmethod 0x0000018b42cfff10
Event: 4.905 Thread 0x0000018b56e3e5f0 flushing  nmethod 0x0000018b42d00410
Event: 4.905 Thread 0x0000018b56e3e5f0 flushing  nmethod 0x0000018b42d00d10
Event: 4.905 Thread 0x0000018b56e3e5f0 flushing  nmethod 0x0000018b42d01210
Event: 4.905 Thread 0x0000018b56e3e5f0 flushing  nmethod 0x0000018b42d01f10
Event: 4.905 Thread 0x0000018b56e3e5f0 flushing  nmethod 0x0000018b42d53a90
Event: 4.905 Thread 0x0000018b56e3e5f0 flushing  nmethod 0x0000018b42d61490
Event: 4.905 Thread 0x0000018b56e3e5f0 flushing  nmethod 0x0000018b42dd2b90

Events (18 events):
Event: 0.009 Thread 0x0000018b3d372eb0 Thread added: 0x0000018b3d372eb0
Event: 0.052 Thread 0x0000018b3d372eb0 Thread added: 0x0000018b5b093740
Event: 0.052 Thread 0x0000018b3d372eb0 Thread added: 0x0000018b5b094860
Event: 0.053 Thread 0x0000018b3d372eb0 Thread added: 0x0000018b5b098880
Event: 0.053 Thread 0x0000018b3d372eb0 Thread added: 0x0000018b5b0992d0
Event: 0.053 Thread 0x0000018b3d372eb0 Thread added: 0x0000018b5b0967b0
Event: 0.053 Thread 0x0000018b3d372eb0 Thread added: 0x0000018b5b097740
Event: 0.053 Thread 0x0000018b3d372eb0 Thread added: 0x0000018b5b0b3c70
Event: 0.053 Thread 0x0000018b3d372eb0 Thread added: 0x0000018b5b0d4320
Event: 0.100 Thread 0x0000018b3d372eb0 Thread added: 0x0000018b5b256b30
Event: 0.105 Thread 0x0000018b3d372eb0 Thread added: 0x0000018b5b257350
Event: 0.114 Loaded shared library D:\setup\Android studio\jbr\bin\net.dll
Event: 0.116 Loaded shared library D:\setup\Android studio\jbr\bin\nio.dll
Event: 0.151 Loaded shared library D:\setup\Android studio\jbr\bin\zip.dll
Event: 0.185 Loaded shared library D:\setup\Android studio\jbr\bin\jimage.dll
Event: 3.019 Thread 0x0000018b5b0b3c70 Thread added: 0x0000018b5cb6b670
Event: 3.179 Thread 0x0000018b5cb6b670 Thread exited: 0x0000018b5cb6b670
Event: 3.289 Thread 0x0000018b5b0b3c70 Thread added: 0x0000018b5d2894d0


Dynamic libraries:
0x00007ff7e4ef0000 - 0x00007ff7e4efa000 	D:\setup\Android studio\jbr\bin\java.exe
0x00007ff969b30000 - 0x00007ff969d47000 	C:\WINDOWS\SYSTEM32\ntdll.dll
0x00007ff967ba0000 - 0x00007ff967c64000 	C:\WINDOWS\System32\KERNEL32.DLL
0x00007ff966db0000 - 0x00007ff967183000 	C:\WINDOWS\System32\KERNELBASE.dll
0x00007ff967190000 - 0x00007ff9672a1000 	C:\WINDOWS\System32\ucrtbase.dll
0x00007ff907d10000 - 0x00007ff907d2b000 	D:\setup\Android studio\jbr\bin\VCRUNTIME140.dll
0x00007ff943510000 - 0x00007ff943528000 	D:\setup\Android studio\jbr\bin\jli.dll
0x00007ff968140000 - 0x00007ff9682f1000 	C:\WINDOWS\System32\USER32.dll
0x00007ff966d50000 - 0x00007ff966d76000 	C:\WINDOWS\System32\win32u.dll
0x00007ff94f1d0000 - 0x00007ff94f46b000 	C:\WINDOWS\WinSxS\amd64_microsoft.windows.common-controls_6595b64144ccf1df_6.0.22621.5262_none_2712bde373830908\COMCTL32.dll
0x00007ff9679a0000 - 0x00007ff9679c9000 	C:\WINDOWS\System32\GDI32.dll
0x00007ff9676a0000 - 0x00007ff9677c2000 	C:\WINDOWS\System32\gdi32full.dll
0x00007ff969a40000 - 0x00007ff969ae7000 	C:\WINDOWS\System32\msvcrt.dll
0x00007ff966cb0000 - 0x00007ff966d4a000 	C:\WINDOWS\System32\msvcp_win.dll
0x00007ff9697b0000 - 0x00007ff9697e1000 	C:\WINDOWS\System32\IMM32.DLL
0x00007ff907d00000 - 0x00007ff907d0c000 	D:\setup\Android studio\jbr\bin\vcruntime140_1.dll
0x00007ff93c0d0000 - 0x00007ff93c15d000 	D:\setup\Android studio\jbr\bin\msvcp140.dll
0x00007ff907d30000 - 0x00007ff9089bb000 	D:\setup\Android studio\jbr\bin\server\jvm.dll
0x00007ff967ae0000 - 0x00007ff967b91000 	C:\WINDOWS\System32\ADVAPI32.dll
0x00007ff967c70000 - 0x00007ff967d17000 	C:\WINDOWS\System32\sechost.dll
0x00007ff966d80000 - 0x00007ff966da8000 	C:\WINDOWS\System32\bcrypt.dll
0x00007ff9694d0000 - 0x00007ff9695e4000 	C:\WINDOWS\System32\RPCRT4.dll
0x00007ff9679f0000 - 0x00007ff967a61000 	C:\WINDOWS\System32\WS2_32.dll
0x00007ff961b40000 - 0x00007ff961b74000 	C:\WINDOWS\SYSTEM32\WINMM.dll
0x00007ff961b80000 - 0x00007ff961b8a000 	C:\WINDOWS\SYSTEM32\VERSION.dll
0x00007ff966b00000 - 0x00007ff966b4d000 	C:\WINDOWS\SYSTEM32\POWRPROF.dll
0x00007ff966ae0000 - 0x00007ff966af3000 	C:\WINDOWS\SYSTEM32\UMPDC.dll
0x00007ff965c30000 - 0x00007ff965c48000 	C:\WINDOWS\SYSTEM32\kernel.appcore.dll
0x00007ff907cf0000 - 0x00007ff907cfa000 	D:\setup\Android studio\jbr\bin\jimage.dll
0x00007ff95de50000 - 0x00007ff95e082000 	C:\WINDOWS\SYSTEM32\DBGHELP.DLL
0x00007ff967d20000 - 0x00007ff9680b3000 	C:\WINDOWS\System32\combase.dll
0x00007ff968660000 - 0x00007ff968737000 	C:\WINDOWS\System32\OLEAUT32.dll
0x00007ff945e30000 - 0x00007ff945e62000 	C:\WINDOWS\SYSTEM32\dbgcore.DLL
0x00007ff966c30000 - 0x00007ff966cab000 	C:\WINDOWS\System32\bcryptPrimitives.dll
0x00007ff907c80000 - 0x00007ff907ca0000 	D:\setup\Android studio\jbr\bin\java.dll
0x00007ff907c60000 - 0x00007ff907c78000 	D:\setup\Android studio\jbr\bin\zip.dll
0x00007ff968bc0000 - 0x00007ff96945d000 	C:\WINDOWS\System32\SHELL32.dll
0x00007ff967420000 - 0x00007ff96755f000 	C:\WINDOWS\System32\wintypes.dll
0x00007ff964af0000 - 0x00007ff96540d000 	C:\WINDOWS\SYSTEM32\windows.storage.dll
0x00007ff969920000 - 0x00007ff969a2b000 	C:\WINDOWS\System32\SHCORE.dll
0x00007ff969460000 - 0x00007ff9694c6000 	C:\WINDOWS\System32\shlwapi.dll
0x00007ff966b60000 - 0x00007ff966b8b000 	C:\WINDOWS\SYSTEM32\profapi.dll
0x00007ff907c50000 - 0x00007ff907c60000 	D:\setup\Android studio\jbr\bin\net.dll
0x00007ff961a10000 - 0x00007ff961b3c000 	C:\WINDOWS\SYSTEM32\WINHTTP.dll
0x00007ff9660a0000 - 0x00007ff96610a000 	C:\WINDOWS\system32\mswsock.dll
0x00007ff907c30000 - 0x00007ff907c46000 	D:\setup\Android studio\jbr\bin\nio.dll
0x00007ff94ac70000 - 0x00007ff94ac80000 	D:\setup\Android studio\jbr\bin\verify.dll

dbghelp: loaded successfully - version: 4.0.5 - missing functions: none
symbol engine: initialized successfully - sym options: 0x614 - pdb path: .;D:\setup\Android studio\jbr\bin;C:\WINDOWS\SYSTEM32;C:\WINDOWS\WinSxS\amd64_microsoft.windows.common-controls_6595b64144ccf1df_6.0.22621.5262_none_2712bde373830908;D:\setup\Android studio\jbr\bin\server

VM Arguments:
java_command: org.jetbrains.kotlin.cli.jvm.K2JVMCompiler @D:\Android Projects\DraggableCubeViewTestingApp2\DraggableRotationalCubeLibrary\build\20250618_17155765561199984545.compiler.options
java_class_path (initial): D:\Android Projects\.gradle\caches\modules-2\files-2.1\org.jetbrains.kotlin\kotlin-compiler-embeddable\2.0.21\79346ed53db48b18312a472602eb5c057070c54d\kotlin-compiler-embeddable-2.0.21.jar;D:\Android Projects\.gradle\caches\modules-2\files-2.1\org.jetbrains.kotlin\kotlin-stdlib\2.0.21\618b539767b4899b4660a83006e052b63f1db551\kotlin-stdlib-2.0.21.jar;D:\Android Projects\.gradle\caches\modules-2\files-2.1\org.jetbrains.kotlin\kotlin-script-runtime\2.0.21\c9b044380ad41f89aa89aa896c2d32a8c0b2129d\kotlin-script-runtime-2.0.21.jar;D:\Android Projects\.gradle\caches\modules-2\files-2.1\org.jetbrains.kotlin\kotlin-reflect\1.6.10\1cbe9c92c12a94eea200d23c2bbaedaf3daf5132\kotlin-reflect-1.6.10.jar;D:\Android Projects\.gradle\caches\modules-2\files-2.1\org.jetbrains.kotlin\kotlin-daemon-embeddable\2.0.21\c9e933b23287de9b5a17e2116b4657bb91aea72c\kotlin-daemon-embeddable-2.0.21.jar;D:\Android Projects\.gradle\caches\modules-2\files-2.1\org.jetbrains.intellij.deps\trove4j\1.0.20200330\3afb14d5f9ceb459d724e907a21145e8ff394f02\trove4j-1.0.20200330.jar;D:\Android Projects\.gradle\caches\modules-2\files-2.1\org.jetbrains.kotlinx\kotlinx-coroutines-core-jvm\1.6.4\2c997cd1c0ef33f3e751d3831929aeff1390cb30\kotlinx-coroutines-core-jvm-1.6.4.jar;D:\Android Projects\.gradle\caches\modules-2\files-2.1\org.jetbrains\annotations\13.0\919f0dfe192fb4e063e7dacadee7f8bb9a2672a9\annotations-13.0.jar
Launcher Type: SUN_STANDARD

[Global flags]
     intx CICompilerCount                          = 4                                         {product} {ergonomic}
     uint ConcGCThreads                            = 3                                         {product} {ergonomic}
     uint G1ConcRefinementThreads                  = 10                                        {product} {ergonomic}
   size_t G1HeapRegionSize                         = 1048576                                   {product} {ergonomic}
    uintx GCDrainStackTargetSize                   = 64                                        {product} {ergonomic}
   size_t InitialHeapSize                          = 123731968                                 {product} {ergonomic}
   size_t MarkStackSize                            = 4194304                                   {product} {ergonomic}
   size_t MaxHeapSize                              = 1973420032                                {product} {ergonomic}
   size_t MaxNewSize                               = 1183842304                                {product} {ergonomic}
   size_t MinHeapDeltaBytes                        = 1048576                                   {product} {ergonomic}
   size_t MinHeapSize                              = 8388608                                   {product} {ergonomic}
    uintx NonNMethodCodeHeapSize                   = 5839372                                {pd product} {ergonomic}
    uintx NonProfiledCodeHeapSize                  = 122909434                              {pd product} {ergonomic}
    uintx ProfiledCodeHeapSize                     = 122909434                              {pd product} {ergonomic}
    uintx ReservedCodeCacheSize                    = 251658240                              {pd product} {ergonomic}
     bool SegmentedCodeCache                       = true                                      {product} {ergonomic}
   size_t SoftMaxHeapSize                          = 1973420032                             {manageable} {ergonomic}
     bool UseCompressedOops                        = true                           {product lp64_product} {ergonomic}
     bool UseG1GC                                  = true                                      {product} {ergonomic}
     bool UseLargePagesIndividualAllocation        = false                                  {pd product} {ergonomic}

Logging:
Log output configuration:
 #0: stdout all=warning uptime,level,tags foldmultilines=false
 #1: stderr all=off uptime,level,tags foldmultilines=false

Environment Variables:
JAVA_HOME=C:\Program Files\Java\jdk-22
PATH=C:\Program Files\Common Files\Oracle\Java\javapath;C:\windows\system32;C:\windows;C:\windows\System32\Wbem;C:\windows\System32\WindowsPowerShell\v1.0\;C:\windows\System32\OpenSSH\;C:\Program Files (x86)\NVIDIA Corporation\PhysX\Common;C:\Program Files\NVIDIA Corporation\NVIDIA NvDLISR;C:\WINDOWS\system32;C:\WINDOWS;C:\WINDOWS\System32\Wbem;C:\WINDOWS\System32\WindowsPowerShell\v1.0\;C:\WINDOWS\System32\OpenSSH\;C:\ProgramData\chocolatey\bin;C:\Users\yashr\Downloads\mongodb-windows-x86_64-7.0.5\mongodb-win32-x86_64-windows-7.0.5\bin;C:\Program Files\dotnet\;C:\Program Files (x86)\dotnet\;C:\Program Files\HP\HP One Agent;C:\Users\yashr\SQLite;C:\Program Files\Java\jdk-22;D:\Flutter\src\flutter\bin;C:\Program Files\Git\cmd;;d:\setups\cursor\resources\app\bin;C:\Users\yashr\anaconda3;C:\Users\yashr\anaconda3\Library\mingw-w64\bin;C:\Users\yashr\anaconda3\Library\usr\bin;C:\Users\yashr\anaconda3\Library\bin;C:\Users\yashr\anaconda3\Scripts;C:\Users\yashr\AppData\Local\Microsoft\WindowsApps;C:\Users\yashr\AppData\Local\Programs\Microsoft VS Code\bin;C:\Program Files\JetBrains\PyCharm Community Edition 2023.1.2\bin;;C:\Users\yashr\IntelliJ IDEA Community Edition 2023.1.4\bin;;C:\Users\yashr\Downloads\mongodb-windows-x86_64-7.0.5\mongodb-win32-x86_64-windows-7.0.5\bin;C:\Users\yashr\SQLite;C:\Program Files\Java\jdk-22;D:\Flutter\src\flutter\bin;C:\Users\yashr\.dotnet\tools;D:\setups\cursor\resources\app\bin
USERNAME=yashr
OS=Windows_NT
PROCESSOR_IDENTIFIER=AMD64 Family 25 Model 80 Stepping 0, AuthenticAMD
TMP=C:\Users\yashr\AppData\Local\Temp
TEMP=C:\Users\yashr\AppData\Local\Temp




Periodic native trim disabled

JNI global refs:
JNI global refs: 9, weak refs: 0

JNI global refs memory usage: 835, weak refs: 833

Process memory usage:
Resident Set Size: 225984K (2% of 7702360K total physical memory with 236900K free physical memory)

OOME stack traces (most recent first):
Classloader memory used:
Loader jdk.internal.loader.ClassLoaders$AppClassLoader                                 : 43057K
Loader bootstrap                                                                       : 10593K

---------------  S Y S T E M  ---------------

OS:
 Windows 11 , 64 bit Build 22621 (10.0.22621.5262)
OS uptime: 0 days 18:30 hours
Hyper-V role detected

CPU: total 12 (initial active 12) (12 cores per cpu, 2 threads per core) family 25 model 80 stepping 0 microcode 0x0, cx8, cmov, fxsr, ht, mmx, 3dnowpref, sse, sse2, sse3, ssse3, sse4a, sse4.1, sse4.2, popcnt, lzcnt, tsc, tscinvbit, avx, avx2, aes, erms, clmul, bmi1, bmi2, adx, sha, fma, vzeroupper, clflush, clflushopt, hv, rdtscp, rdpid, fsrm, f16c, cet_ss
Processor Information for the first 12 processors :
  Max Mhz: 3301, Current Mhz: 3301, Mhz Limit: 3301

Memory: 4k page, system-wide physical 7521M (235M free)
TotalPageFile size 20334M (AvailPageFile size 18M)
current process WorkingSet (physical memory assigned to process): 220M, peak: 220M
current process commit charge ("private bytes"): 313M, peak: 325M

vm_info: OpenJDK 64-Bit Server VM (21.0.6+-13368085-b895.109) for windows-amd64 JRE (21.0.6+-13368085-b895.109), built on 2025-04-16T17:01:31Z by "builder" with MS VC++ 16.10 / 16.11 (VS2019)

END.
